<?xml version="1.0" encoding="utf-8" standalone="yes"?>
<CoverageSession xmlns:xsd="http://www.w3.org/2001/XMLSchema" xmlns:xsi="http://www.w3.org/2001/XMLSchema-instance">
  <Summary numSequencePoints="214" visitedSequencePoints="142" numBranchPoints="183" visitedBranchPoints="67" sequenceCoverage="66.36" branchCoverage="36.61" maxCyclomaticComplexity="15" minCyclomaticComplexity="1" visitedClasses="62" numClasses="87" visitedMethods="82" numMethods="118" minCrapScore="1" maxCrapScore="18.52" />
  <Modules>
    <Module hash="C8-F0-1B-C3-70-D6-CF-17-85-1D-03-0F-CC-EA-76-E2-67-65-3D-CD">
      <Summary numSequencePoints="214" visitedSequencePoints="142" numBranchPoints="183" visitedBranchPoints="67" sequenceCoverage="66.36" branchCoverage="36.61" maxCyclomaticComplexity="15" minCyclomaticComplexity="1" visitedClasses="62" numClasses="87" visitedMethods="82" numMethods="118" minCrapScore="1" maxCrapScore="18.52" />
      <ModulePath>C:\Users\jason\dev\cli\Tests\bin\Debug\netcoreapp3.1\__Saved\Library.dll</ModulePath>
      <ModuleTime>2020-07-19T16:34:48.0481353Z</ModuleTime>
      <ModuleName>Library</ModuleName>
      <Files>
        <File uid="1" fullPath="C:\Users\jason\dev\cli\Library\Library.fs" />
      </Files>
      <Classes>
        <Class>
          <Summary numSequencePoints="0" visitedSequencePoints="0" numBranchPoints="0" visitedBranchPoints="0" sequenceCoverage="0" branchCoverage="0" maxCyclomaticComplexity="0" minCyclomaticComplexity="0" visitedClasses="0" numClasses="0" visitedMethods="0" numMethods="0" minCrapScore="0" maxCrapScore="0" />
          <FullName>&lt;Module&gt;</FullName>
          <Methods />
        </Class>
        <Class>
          <Summary numSequencePoints="1" visitedSequencePoints="0" numBranchPoints="1" visitedBranchPoints="0" sequenceCoverage="0" branchCoverage="0" maxCyclomaticComplexity="1" minCyclomaticComplexity="1" visitedClasses="0" numClasses="1" visitedMethods="0" numMethods="1" minCrapScore="0" maxCrapScore="0" />
          <FullName>NavySearch.CommandLine</FullName>
          <Methods>
            <Method visited="false" cyclomaticComplexity="1" nPathComplexity="0" sequenceCoverage="0" branchCoverage="0" isConstructor="false" isStatic="true" isGetter="false" isSetter="false" crapScore="0">
              <Summary numSequencePoints="1" visitedSequencePoints="0" numBranchPoints="1" visitedBranchPoints="0" sequenceCoverage="0" branchCoverage="0" maxCyclomaticComplexity="1" minCyclomaticComplexity="1" visitedClasses="0" numClasses="0" visitedMethods="0" numMethods="1" minCrapScore="0" maxCrapScore="0" />
              <MetadataToken>100663297</MetadataToken>
              <Name>System.String NavySearch.CommandLine::getEnvVar(System.String)</Name>
              <FileRef uid="1" />
              <SequencePoints>
                <SequencePoint vc="0" uspid="0" ordinal="0" offset="0" sl="270" sc="26" el="270" ec="66" bec="0" bev="0" fileid="1" />
              </SequencePoints>
              <BranchPoints />
              <MethodPoint xsi:type="SequencePoint" vc="0" uspid="0" ordinal="0" offset="0" sl="270" sc="26" el="270" ec="66" bec="0" bev="0" fileid="1" />
            </Method>
            <Method visited="false" cyclomaticComplexity="1" nPathComplexity="0" sequenceCoverage="0" branchCoverage="0" isConstructor="false" isStatic="true" isGetter="true" isSetter="false" crapScore="0">
              <Summary numSequencePoints="0" visitedSequencePoints="0" numBranchPoints="0" visitedBranchPoints="0" sequenceCoverage="0" branchCoverage="0" maxCyclomaticComplexity="1" minCyclomaticComplexity="1" visitedClasses="0" numClasses="0" visitedMethods="0" numMethods="0" minCrapScore="0" maxCrapScore="0" />
              <MetadataToken>100663298</MetadataToken>
              <Name>Microsoft.FSharp.Core.FSharpFunc`2&lt;System.ConsoleColor,Microsoft.FSharp.Core.FSharpFunc`2&lt;System.String,Microsoft.FSharp.Core.Unit&gt;&gt; NavySearch.CommandLine::get_log()</Name>
              <SequencePoints />
              <BranchPoints />
              <MethodPoint vc="5" uspid="100663298" ordinal="0" offset="0" />
            </Method>
            <Method visited="false" cyclomaticComplexity="1" nPathComplexity="0" sequenceCoverage="0" branchCoverage="0" isConstructor="false" isStatic="true" isGetter="true" isSetter="false" crapScore="0">
              <Summary numSequencePoints="0" visitedSequencePoints="0" numBranchPoints="0" visitedBranchPoints="0" sequenceCoverage="0" branchCoverage="0" maxCyclomaticComplexity="1" minCyclomaticComplexity="1" visitedClasses="0" numClasses="0" visitedMethods="0" numMethods="0" minCrapScore="0" maxCrapScore="0" />
              <MetadataToken>100663299</MetadataToken>
              <Name>Microsoft.FSharp.Core.FSharpFunc`2&lt;System.String,Microsoft.FSharp.Core.Unit&gt; NavySearch.CommandLine::get_complete()</Name>
              <SequencePoints />
              <BranchPoints />
              <MethodPoint vc="0" uspid="100663299" ordinal="0" offset="0" />
            </Method>
            <Method visited="false" cyclomaticComplexity="1" nPathComplexity="0" sequenceCoverage="0" branchCoverage="0" isConstructor="false" isStatic="true" isGetter="true" isSetter="false" crapScore="0">
              <Summary numSequencePoints="0" visitedSequencePoints="0" numBranchPoints="0" visitedBranchPoints="0" sequenceCoverage="0" branchCoverage="0" maxCyclomaticComplexity="1" minCyclomaticComplexity="1" visitedClasses="0" numClasses="0" visitedMethods="0" numMethods="0" minCrapScore="0" maxCrapScore="0" />
              <MetadataToken>100663300</MetadataToken>
              <Name>Microsoft.FSharp.Core.FSharpFunc`2&lt;System.String,Microsoft.FSharp.Core.Unit&gt; NavySearch.CommandLine::get_ok()</Name>
              <SequencePoints />
              <BranchPoints />
              <MethodPoint vc="0" uspid="100663300" ordinal="0" offset="0" />
            </Method>
            <Method visited="false" cyclomaticComplexity="1" nPathComplexity="0" sequenceCoverage="0" branchCoverage="0" isConstructor="false" isStatic="true" isGetter="true" isSetter="false" crapScore="0">
              <Summary numSequencePoints="0" visitedSequencePoints="0" numBranchPoints="0" visitedBranchPoints="0" sequenceCoverage="0" branchCoverage="0" maxCyclomaticComplexity="1" minCyclomaticComplexity="1" visitedClasses="0" numClasses="0" visitedMethods="0" numMethods="0" minCrapScore="0" maxCrapScore="0" />
              <MetadataToken>100663301</MetadataToken>
              <Name>Microsoft.FSharp.Core.FSharpFunc`2&lt;System.String,Microsoft.FSharp.Core.Unit&gt; NavySearch.CommandLine::get_info()</Name>
              <SequencePoints />
              <BranchPoints />
              <MethodPoint vc="0" uspid="100663301" ordinal="0" offset="0" />
            </Method>
            <Method visited="false" cyclomaticComplexity="1" nPathComplexity="0" sequenceCoverage="0" branchCoverage="0" isConstructor="false" isStatic="true" isGetter="true" isSetter="false" crapScore="0">
              <Summary numSequencePoints="0" visitedSequencePoints="0" numBranchPoints="0" visitedBranchPoints="0" sequenceCoverage="0" branchCoverage="0" maxCyclomaticComplexity="1" minCyclomaticComplexity="1" visitedClasses="0" numClasses="0" visitedMethods="0" numMethods="0" minCrapScore="0" maxCrapScore="0" />
              <MetadataToken>100663302</MetadataToken>
              <Name>Microsoft.FSharp.Core.FSharpFunc`2&lt;System.String,Microsoft.FSharp.Core.Unit&gt; NavySearch.CommandLine::get_warn()</Name>
              <SequencePoints />
              <BranchPoints />
              <MethodPoint vc="0" uspid="100663302" ordinal="0" offset="0" />
            </Method>
            <Method visited="false" cyclomaticComplexity="1" nPathComplexity="0" sequenceCoverage="0" branchCoverage="0" isConstructor="false" isStatic="true" isGetter="true" isSetter="false" crapScore="0">
              <Summary numSequencePoints="0" visitedSequencePoints="0" numBranchPoints="0" visitedBranchPoints="0" sequenceCoverage="0" branchCoverage="0" maxCyclomaticComplexity="1" minCyclomaticComplexity="1" visitedClasses="0" numClasses="0" visitedMethods="0" numMethods="0" minCrapScore="0" maxCrapScore="0" />
              <MetadataToken>100663303</MetadataToken>
              <Name>Microsoft.FSharp.Core.FSharpFunc`2&lt;System.String,Microsoft.FSharp.Core.Unit&gt; NavySearch.CommandLine::get_error()</Name>
              <SequencePoints />
              <BranchPoints />
              <MethodPoint vc="0" uspid="100663303" ordinal="0" offset="0" />
            </Method>
          </Methods>
        </Class>
        <Class>
          <Summary numSequencePoints="3" visitedSequencePoints="0" numBranchPoints="1" visitedBranchPoints="0" sequenceCoverage="0" branchCoverage="0" maxCyclomaticComplexity="1" minCyclomaticComplexity="1" visitedClasses="0" numClasses="1" visitedMethods="0" numMethods="1" minCrapScore="0" maxCrapScore="0" />
          <FullName>NavySearch.CommandLine/log@275-1</FullName>
          <Methods>
            <Method visited="false" cyclomaticComplexity="1" nPathComplexity="0" sequenceCoverage="0" branchCoverage="0" isConstructor="false" isStatic="false" isGetter="false" isSetter="false" crapScore="0">
              <Summary numSequencePoints="3" visitedSequencePoints="0" numBranchPoints="1" visitedBranchPoints="0" sequenceCoverage="0" branchCoverage="0" maxCyclomaticComplexity="1" minCyclomaticComplexity="1" visitedClasses="0" numClasses="0" visitedMethods="0" numMethods="1" minCrapScore="0" maxCrapScore="0" />
              <MetadataToken>100663305</MetadataToken>
              <Name>Microsoft.FSharp.Core.Unit NavySearch.CommandLine/log@275-1::Invoke(Microsoft.FSharp.Core.Unit)</Name>
              <FileRef uid="1" />
              <SequencePoints>
                <SequencePoint vc="0" uspid="3" ordinal="0" offset="2" sl="276" sc="17" el="276" ec="49" bec="0" bev="0" fileid="1" />
                <SequencePoint vc="0" uspid="2" ordinal="1" offset="13" sl="277" sc="17" el="277" ec="29" bec="0" bev="0" fileid="1" />
                <SequencePoint vc="0" uspid="1" ordinal="2" offset="40" sl="278" sc="17" el="278" ec="37" bec="0" bev="0" fileid="1" />
              </SequencePoints>
              <BranchPoints />
              <MethodPoint xsi:type="SequencePoint" vc="0" uspid="3" ordinal="0" offset="2" sl="276" sc="17" el="276" ec="49" bec="0" bev="0" fileid="1" />
            </Method>
          </Methods>
        </Class>
        <Class>
          <Summary numSequencePoints="1" visitedSequencePoints="0" numBranchPoints="1" visitedBranchPoints="0" sequenceCoverage="0" branchCoverage="0" maxCyclomaticComplexity="2" minCyclomaticComplexity="1" visitedClasses="0" numClasses="1" visitedMethods="0" numMethods="1" minCrapScore="0" maxCrapScore="0" />
          <FullName>NavySearch.CommandLine/log@274</FullName>
          <Methods>
            <Method visited="false" cyclomaticComplexity="2" nPathComplexity="0" sequenceCoverage="0" branchCoverage="0" isConstructor="false" isStatic="false" isGetter="false" isSetter="false" crapScore="0">
              <Summary numSequencePoints="1" visitedSequencePoints="0" numBranchPoints="1" visitedBranchPoints="0" sequenceCoverage="0" branchCoverage="0" maxCyclomaticComplexity="2" minCyclomaticComplexity="2" visitedClasses="0" numClasses="0" visitedMethods="0" numMethods="1" minCrapScore="0" maxCrapScore="0" />
              <MetadataToken>100663307</MetadataToken>
              <Name>Microsoft.FSharp.Core.Unit NavySearch.CommandLine/log@274::Invoke(System.ConsoleColor,System.String)</Name>
              <FileRef uid="1" />
              <SequencePoints>
                <SequencePoint vc="0" uspid="4" ordinal="0" offset="0" sl="275" sc="13" el="278" ec="38" bec="0" bev="0" fileid="1" />
              </SequencePoints>
              <BranchPoints />
              <MethodPoint xsi:type="SequencePoint" vc="0" uspid="4" ordinal="0" offset="0" sl="275" sc="13" el="278" ec="38" bec="0" bev="0" fileid="1" />
            </Method>
          </Methods>
        </Class>
        <Class>
          <Summary numSequencePoints="16" visitedSequencePoints="0" numBranchPoints="4" visitedBranchPoints="0" sequenceCoverage="0" branchCoverage="0" maxCyclomaticComplexity="3" minCyclomaticComplexity="1" visitedClasses="0" numClasses="1" visitedMethods="0" numMethods="4" minCrapScore="0" maxCrapScore="0" />
          <FullName>NavySearch.Algolia</FullName>
          <Methods>
            <Method visited="false" cyclomaticComplexity="1" nPathComplexity="0" sequenceCoverage="0" branchCoverage="0" isConstructor="false" isStatic="true" isGetter="false" isSetter="false" crapScore="0">
              <Summary numSequencePoints="10" visitedSequencePoints="0" numBranchPoints="1" visitedBranchPoints="0" sequenceCoverage="0" branchCoverage="0" maxCyclomaticComplexity="1" minCyclomaticComplexity="1" visitedClasses="0" numClasses="0" visitedMethods="0" numMethods="1" minCrapScore="0" maxCrapScore="0" />
              <MetadataToken>100663308</MetadataToken>
              <Name>Algolia.Search.Clients.SearchIndex NavySearch.Algolia::getIndex(System.String,System.String,System.String)</Name>
              <FileRef uid="1" />
              <SequencePoints>
                <SequencePoint vc="0" uspid="14" ordinal="0" offset="0" sl="246" sc="9" el="246" ec="43" bec="0" bev="0" fileid="1" />
                <SequencePoint vc="0" uspid="13" ordinal="1" offset="8" sl="247" sc="9" el="247" ec="43" bec="0" bev="0" fileid="1" />
                <SequencePoint vc="0" uspid="12" ordinal="2" offset="16" sl="248" sc="9" el="248" ec="39" bec="0" bev="0" fileid="1" />
                <SequencePoint vc="0" uspid="11" ordinal="3" offset="22" sl="249" sc="9" el="249" ec="54" bec="0" bev="0" fileid="1" />
                <SequencePoint vc="0" uspid="10" ordinal="4" offset="28" sl="250" sc="9" el="250" ec="41" bec="0" bev="0" fileid="1" />
                <SequencePoint vc="0" uspid="9" ordinal="5" offset="39" sl="251" sc="9" el="251" ec="48" bec="0" bev="0" fileid="1" />
                <SequencePoint vc="0" uspid="8" ordinal="6" offset="56" sl="252" sc="9" el="252" ec="56" bec="0" bev="0" fileid="1" />
                <SequencePoint vc="0" uspid="7" ordinal="7" offset="73" sl="253" sc="9" el="253" ec="63" bec="0" bev="0" fileid="1" />
                <SequencePoint vc="0" uspid="6" ordinal="8" offset="80" sl="254" sc="9" el="254" ec="46" bec="0" bev="0" fileid="1" />
                <SequencePoint vc="0" uspid="5" ordinal="9" offset="95" sl="255" sc="9" el="255" ec="14" bec="0" bev="0" fileid="1" />
              </SequencePoints>
              <BranchPoints />
              <MethodPoint xsi:type="SequencePoint" vc="0" uspid="14" ordinal="0" offset="0" sl="246" sc="9" el="246" ec="43" bec="0" bev="0" fileid="1" />
            </Method>
            <Method visited="false" cyclomaticComplexity="1" nPathComplexity="0" sequenceCoverage="0" branchCoverage="0" isConstructor="false" isStatic="true" isGetter="false" isSetter="false" crapScore="0">
              <Summary numSequencePoints="1" visitedSequencePoints="0" numBranchPoints="1" visitedBranchPoints="0" sequenceCoverage="0" branchCoverage="0" maxCyclomaticComplexity="1" minCyclomaticComplexity="1" visitedClasses="0" numClasses="0" visitedMethods="0" numMethods="1" minCrapScore="0" maxCrapScore="0" />
              <MetadataToken>100663309</MetadataToken>
              <Name>System.String NavySearch.Algolia::saveMessageData(System.String,System.String,Microsoft.FSharp.Collections.FSharpList`1&lt;NavySearch.Algolia/MessageData&gt;)</Name>
              <FileRef uid="1" />
              <SequencePoints>
                <SequencePoint vc="0" uspid="15" ordinal="0" offset="0" sl="258" sc="9" el="258" ec="11" bec="0" bev="0" fileid="1" />
              </SequencePoints>
              <BranchPoints />
              <MethodPoint xsi:type="SequencePoint" vc="0" uspid="15" ordinal="0" offset="0" sl="258" sc="9" el="258" ec="11" bec="0" bev="0" fileid="1" />
            </Method>
            <Method visited="false" cyclomaticComplexity="1" nPathComplexity="0" sequenceCoverage="0" branchCoverage="0" isConstructor="false" isStatic="true" isGetter="false" isSetter="false" crapScore="0">
              <Summary numSequencePoints="2" visitedSequencePoints="0" numBranchPoints="1" visitedBranchPoints="0" sequenceCoverage="0" branchCoverage="0" maxCyclomaticComplexity="1" minCyclomaticComplexity="1" visitedClasses="0" numClasses="0" visitedMethods="0" numMethods="1" minCrapScore="0" maxCrapScore="0" />
              <MetadataToken>100663310</MetadataToken>
              <Name>System.Collections.Generic.IEnumerable`1&lt;NavySearch.Algolia/MessageData&gt; NavySearch.Algolia::getAllMessageData(System.String,System.String)</Name>
              <FileRef uid="1" />
              <SequencePoints>
                <SequencePoint vc="0" uspid="17" ordinal="0" offset="0" sl="261" sc="9" el="261" ec="46" bec="0" bev="0" fileid="1" />
                <SequencePoint vc="0" uspid="16" ordinal="1" offset="13" sl="262" sc="9" el="262" ec="63" bec="0" bev="0" fileid="1" />
              </SequencePoints>
              <BranchPoints />
              <MethodPoint xsi:type="SequencePoint" vc="0" uspid="17" ordinal="0" offset="0" sl="261" sc="9" el="261" ec="46" bec="0" bev="0" fileid="1" />
            </Method>
            <Method visited="false" cyclomaticComplexity="3" nPathComplexity="0" sequenceCoverage="0" branchCoverage="0" isConstructor="false" isStatic="true" isGetter="false" isSetter="false" crapScore="0">
              <Summary numSequencePoints="3" visitedSequencePoints="0" numBranchPoints="1" visitedBranchPoints="0" sequenceCoverage="0" branchCoverage="0" maxCyclomaticComplexity="3" minCyclomaticComplexity="3" visitedClasses="0" numClasses="0" visitedMethods="0" numMethods="1" minCrapScore="0" maxCrapScore="0" />
              <MetadataToken>100663311</MetadataToken>
              <Name>System.Collections.Generic.IEnumerable`1&lt;NavySearch.Algolia/MessageData&gt; NavySearch.Algolia::getYearMessageData(System.String,System.String,System.Int32)</Name>
              <FileRef uid="1" />
              <SequencePoints>
                <SequencePoint vc="0" uspid="20" ordinal="0" offset="0" sl="265" sc="9" el="265" ec="46" bec="0" bev="0" fileid="1" />
                <SequencePoint vc="0" uspid="19" ordinal="1" offset="13" sl="266" sc="9" el="266" ec="55" bec="0" bev="0" fileid="1" />
                <SequencePoint vc="0" uspid="18" ordinal="2" offset="93" sl="267" sc="9" el="267" ec="41" bec="0" bev="0" fileid="1" />
              </SequencePoints>
              <BranchPoints />
              <MethodPoint xsi:type="SequencePoint" vc="0" uspid="20" ordinal="0" offset="0" sl="265" sc="9" el="265" ec="46" bec="0" bev="0" fileid="1" />
            </Method>
          </Methods>
        </Class>
        <Class>
          <Summary numSequencePoints="0" visitedSequencePoints="0" numBranchPoints="0" visitedBranchPoints="0" sequenceCoverage="0" branchCoverage="0" maxCyclomaticComplexity="0" minCyclomaticComplexity="0" visitedClasses="0" numClasses="0" visitedMethods="0" numMethods="0" minCrapScore="0" maxCrapScore="0" />
          <FullName>NavySearch.Algolia/MessageData</FullName>
          <Methods />
        </Class>
        <Class>
          <Summary numSequencePoints="5" visitedSequencePoints="0" numBranchPoints="4" visitedBranchPoints="3" sequenceCoverage="0" branchCoverage="75" maxCyclomaticComplexity="9" minCyclomaticComplexity="1" visitedClasses="1" numClasses="1" visitedMethods="1" numMethods="2" minCrapScore="6" maxCrapScore="6" />
          <FullName>NavySearch.Algolia/getAllMessageData@262</FullName>
          <Methods>
            <Method visited="false" cyclomaticComplexity="1" nPathComplexity="0" sequenceCoverage="0" branchCoverage="0" isConstructor="true" isStatic="false" isGetter="false" isSetter="false" crapScore="0">
              <Summary numSequencePoints="0" visitedSequencePoints="0" numBranchPoints="0" visitedBranchPoints="0" sequenceCoverage="0" branchCoverage="0" maxCyclomaticComplexity="1" minCyclomaticComplexity="1" visitedClasses="0" numClasses="0" visitedMethods="0" numMethods="0" minCrapScore="0" maxCrapScore="0" />
              <MetadataToken>100663331</MetadataToken>
              <Name>System.Void NavySearch.Algolia/getAllMessageData@262::.ctor(Algolia.Search.Clients.SearchIndex,System.Collections.Generic.IEnumerator`1&lt;NavySearch.Algolia/MessageData&gt;,System.Int32,NavySearch.Algolia/MessageData)</Name>
              <SequencePoints />
              <BranchPoints />
              <MethodPoint vc="0" uspid="100663331" ordinal="0" offset="0" />
            </Method>
            <Method visited="true" cyclomaticComplexity="6" nPathComplexity="2" sequenceCoverage="0" branchCoverage="100" isConstructor="false" isStatic="false" isGetter="false" isSetter="false" crapScore="6">
              <Summary numSequencePoints="4" visitedSequencePoints="0" numBranchPoints="3" visitedBranchPoints="3" sequenceCoverage="0" branchCoverage="100" maxCyclomaticComplexity="6" minCyclomaticComplexity="6" visitedClasses="0" numClasses="0" visitedMethods="1" numMethods="1" minCrapScore="6" maxCrapScore="6" />
              <MetadataToken>100663332</MetadataToken>
              <Name>System.Int32 NavySearch.Algolia/getAllMessageData@262::GenerateNext(System.Collections.Generic.IEnumerable`1&lt;NavySearch.Algolia/MessageData&gt;&amp;)</Name>
              <FileRef uid="1" />
              <SequencePoints>
                <SequencePoint vc="0" uspid="24" ordinal="0" offset="43" sl="262" sc="15" el="262" ec="61" bec="0" bev="0" fileid="1" />
                <SequencePoint vc="0" uspid="23" ordinal="1" offset="77" sl="262" sc="15" el="262" ec="61" bec="2" bev="2" fileid="1" />
                <SequencePoint vc="0" uspid="22" ordinal="2" offset="109" sl="262" sc="60" el="262" ec="61" bec="0" bev="0" fileid="1" />
                <SequencePoint vc="0" uspid="21" ordinal="3" offset="128" sl="262" sc="15" el="262" ec="61" bec="0" bev="0" fileid="1" />
              </SequencePoints>
              <BranchPoints>
                <BranchPoint vc="2" uspid="4" ordinal="0" offset="88" sl="262" path="0" offsetend="90" fileid="1" />
                <BranchPoint vc="1" uspid="5" ordinal="1" offset="88" sl="262" path="1" offsetend="121" fileid="1" />
              </BranchPoints>
              <MethodPoint xsi:type="SequencePoint" vc="0" uspid="24" ordinal="0" offset="43" sl="262" sc="15" el="262" ec="61" bec="0" bev="0" fileid="1" />
            </Method>
            <Method visited="false" cyclomaticComplexity="9" nPathComplexity="0" sequenceCoverage="0" branchCoverage="0" isConstructor="false" isStatic="false" isGetter="false" isSetter="false" crapScore="0">
              <Summary numSequencePoints="1" visitedSequencePoints="0" numBranchPoints="1" visitedBranchPoints="0" sequenceCoverage="0" branchCoverage="0" maxCyclomaticComplexity="9" minCyclomaticComplexity="9" visitedClasses="0" numClasses="0" visitedMethods="0" numMethods="1" minCrapScore="0" maxCrapScore="0" />
              <MetadataToken>100663333</MetadataToken>
              <Name>System.Void NavySearch.Algolia/getAllMessageData@262::Close()</Name>
              <FileRef uid="1" />
              <SequencePoints>
                <SequencePoint vc="0" uspid="25" ordinal="0" offset="121" sl="262" sc="15" el="262" ec="61" bec="0" bev="0" fileid="1" />
              </SequencePoints>
              <BranchPoints />
              <MethodPoint xsi:type="SequencePoint" vc="0" uspid="25" ordinal="0" offset="121" sl="262" sc="15" el="262" ec="61" bec="0" bev="0" fileid="1" />
            </Method>
            <Method visited="false" cyclomaticComplexity="6" nPathComplexity="0" sequenceCoverage="0" branchCoverage="0" isConstructor="false" isStatic="false" isGetter="false" isSetter="false" crapScore="0">
              <Summary numSequencePoints="0" visitedSequencePoints="0" numBranchPoints="0" visitedBranchPoints="0" sequenceCoverage="0" branchCoverage="0" maxCyclomaticComplexity="6" minCyclomaticComplexity="6" visitedClasses="0" numClasses="0" visitedMethods="0" numMethods="0" minCrapScore="0" maxCrapScore="0" />
              <MetadataToken>100663334</MetadataToken>
              <Name>System.Boolean NavySearch.Algolia/getAllMessageData@262::get_CheckClose()</Name>
              <SequencePoints />
              <BranchPoints />
              <MethodPoint vc="0" uspid="100663334" ordinal="0" offset="0" />
            </Method>
          </Methods>
        </Class>
        <Class>
          <Summary numSequencePoints="4" visitedSequencePoints="0" numBranchPoints="2" visitedBranchPoints="0" sequenceCoverage="0" branchCoverage="0" maxCyclomaticComplexity="1" minCyclomaticComplexity="1" visitedClasses="0" numClasses="1" visitedMethods="0" numMethods="2" minCrapScore="0" maxCrapScore="0" />
          <FullName>NavySearch.Data</FullName>
          <Methods>
            <Method visited="false" cyclomaticComplexity="1" nPathComplexity="0" sequenceCoverage="0" branchCoverage="0" isConstructor="false" isStatic="true" isGetter="false" isSetter="false" crapScore="0">
              <Summary numSequencePoints="2" visitedSequencePoints="0" numBranchPoints="1" visitedBranchPoints="0" sequenceCoverage="0" branchCoverage="0" maxCyclomaticComplexity="1" minCyclomaticComplexity="1" visitedClasses="0" numClasses="0" visitedMethods="0" numMethods="1" minCrapScore="0" maxCrapScore="0" />
              <MetadataToken>100663337</MetadataToken>
              <Name>Microsoft.FSharp.Collections.FSharpList`1&lt;System.String&gt; NavySearch.Data::scrapeMessageLinks(NavySearch.Message/MessageType,System.Int32)</Name>
              <FileRef uid="1" />
              <SequencePoints>
                <SequencePoint vc="0" uspid="27" ordinal="0" offset="0" sl="217" sc="9" el="217" ec="54" bec="0" bev="0" fileid="1" />
                <SequencePoint vc="0" uspid="26" ordinal="1" offset="8" sl="218" sc="9" el="222" ec="22" bec="0" bev="0" fileid="1" />
              </SequencePoints>
              <BranchPoints />
              <MethodPoint xsi:type="SequencePoint" vc="0" uspid="27" ordinal="0" offset="0" sl="217" sc="9" el="217" ec="54" bec="0" bev="0" fileid="1" />
            </Method>
            <Method visited="false" cyclomaticComplexity="1" nPathComplexity="0" sequenceCoverage="0" branchCoverage="0" isConstructor="false" isStatic="true" isGetter="false" isSetter="false" crapScore="0">
              <Summary numSequencePoints="2" visitedSequencePoints="0" numBranchPoints="1" visitedBranchPoints="0" sequenceCoverage="0" branchCoverage="0" maxCyclomaticComplexity="1" minCyclomaticComplexity="1" visitedClasses="0" numClasses="0" visitedMethods="0" numMethods="1" minCrapScore="0" maxCrapScore="0" />
              <MetadataToken>100663338</MetadataToken>
              <Name>System.String NavySearch.Data::getMessage(NavySearch.Message/MessageInfo)</Name>
              <FileRef uid="1" />
              <SequencePoints>
                <SequencePoint vc="0" uspid="29" ordinal="0" offset="0" sl="225" sc="9" el="227" ec="82" bec="0" bev="0" fileid="1" />
                <SequencePoint vc="0" uspid="28" ordinal="1" offset="48" sl="228" sc="9" el="230" ec="52" bec="0" bev="0" fileid="1" />
              </SequencePoints>
              <BranchPoints />
              <MethodPoint xsi:type="SequencePoint" vc="0" uspid="29" ordinal="0" offset="0" sl="225" sc="9" el="227" ec="82" bec="0" bev="0" fileid="1" />
            </Method>
          </Methods>
        </Class>
        <Class>
          <Summary numSequencePoints="1" visitedSequencePoints="0" numBranchPoints="1" visitedBranchPoints="0" sequenceCoverage="0" branchCoverage="0" maxCyclomaticComplexity="1" minCyclomaticComplexity="1" visitedClasses="0" numClasses="1" visitedMethods="0" numMethods="1" minCrapScore="0" maxCrapScore="0" />
          <FullName>NavySearch.Data/scrapeMessageLinks@221</FullName>
          <Methods>
            <Method visited="false" cyclomaticComplexity="1" nPathComplexity="0" sequenceCoverage="0" branchCoverage="0" isConstructor="false" isStatic="false" isGetter="false" isSetter="false" crapScore="0">
              <Summary numSequencePoints="1" visitedSequencePoints="0" numBranchPoints="1" visitedBranchPoints="0" sequenceCoverage="0" branchCoverage="0" maxCyclomaticComplexity="1" minCyclomaticComplexity="1" visitedClasses="0" numClasses="0" visitedMethods="0" numMethods="1" minCrapScore="0" maxCrapScore="0" />
              <MetadataToken>100663340</MetadataToken>
              <Name>System.Boolean NavySearch.Data/scrapeMessageLinks@221::Invoke(System.String)</Name>
              <FileRef uid="1" />
              <SequencePoints>
                <SequencePoint vc="0" uspid="30" ordinal="0" offset="0" sl="221" sc="43" el="221" ec="61" bec="0" bev="0" fileid="1" />
              </SequencePoints>
              <BranchPoints />
              <MethodPoint xsi:type="SequencePoint" vc="0" uspid="30" ordinal="0" offset="0" sl="221" sc="43" el="221" ec="61" bec="0" bev="0" fileid="1" />
            </Method>
          </Methods>
        </Class>
        <Class>
          <Summary numSequencePoints="1" visitedSequencePoints="0" numBranchPoints="1" visitedBranchPoints="0" sequenceCoverage="0" branchCoverage="0" maxCyclomaticComplexity="1" minCyclomaticComplexity="1" visitedClasses="0" numClasses="1" visitedMethods="0" numMethods="1" minCrapScore="0" maxCrapScore="0" />
          <FullName>NavySearch.Data/scrapeMessageLinks@220-1</FullName>
          <Methods>
            <Method visited="false" cyclomaticComplexity="1" nPathComplexity="0" sequenceCoverage="0" branchCoverage="0" isConstructor="false" isStatic="false" isGetter="false" isSetter="false" crapScore="0">
              <Summary numSequencePoints="1" visitedSequencePoints="0" numBranchPoints="1" visitedBranchPoints="0" sequenceCoverage="0" branchCoverage="0" maxCyclomaticComplexity="1" minCyclomaticComplexity="1" visitedClasses="0" numClasses="0" visitedMethods="0" numMethods="1" minCrapScore="0" maxCrapScore="0" />
              <MetadataToken>100663342</MetadataToken>
              <Name>System.String NavySearch.Data/scrapeMessageLinks@220-1::Invoke(System.Tuple`2&lt;System.String,System.String&gt;)</Name>
              <FileRef uid="1" />
              <SequencePoints>
                <SequencePoint vc="0" uspid="31" ordinal="0" offset="16" sl="220" sc="38" el="220" ec="42" bec="0" bev="0" fileid="1" />
              </SequencePoints>
              <BranchPoints />
              <MethodPoint xsi:type="SequencePoint" vc="0" uspid="31" ordinal="0" offset="16" sl="220" sc="38" el="220" ec="42" bec="0" bev="0" fileid="1" />
            </Method>
          </Methods>
        </Class>
        <Class>
          <Summary numSequencePoints="1" visitedSequencePoints="0" numBranchPoints="1" visitedBranchPoints="0" sequenceCoverage="0" branchCoverage="0" maxCyclomaticComplexity="1" minCyclomaticComplexity="1" visitedClasses="0" numClasses="1" visitedMethods="0" numMethods="1" minCrapScore="0" maxCrapScore="0" />
          <FullName>NavySearch.Data/scrapeMessageLinks@219-3</FullName>
          <Methods>
            <Method visited="false" cyclomaticComplexity="1" nPathComplexity="0" sequenceCoverage="0" branchCoverage="0" isConstructor="false" isStatic="false" isGetter="false" isSetter="false" crapScore="0">
              <Summary numSequencePoints="1" visitedSequencePoints="0" numBranchPoints="1" visitedBranchPoints="0" sequenceCoverage="0" branchCoverage="0" maxCyclomaticComplexity="1" minCyclomaticComplexity="1" visitedClasses="0" numClasses="0" visitedMethods="0" numMethods="1" minCrapScore="0" maxCrapScore="0" />
              <MetadataToken>100663344</MetadataToken>
              <Name>System.Tuple`2&lt;System.String,System.String&gt; NavySearch.Data/scrapeMessageLinks@219-3::Invoke(FSharp.Data.HtmlAttribute)</Name>
              <FileRef uid="1" />
              <SequencePoints>
                <SequencePoint vc="0" uspid="32" ordinal="0" offset="0" sl="219" sc="83" el="219" ec="107" bec="0" bev="0" fileid="1" />
              </SequencePoints>
              <BranchPoints />
              <MethodPoint xsi:type="SequencePoint" vc="0" uspid="32" ordinal="0" offset="0" sl="219" sc="83" el="219" ec="107" bec="0" bev="0" fileid="1" />
            </Method>
          </Methods>
        </Class>
        <Class>
          <Summary numSequencePoints="1" visitedSequencePoints="0" numBranchPoints="1" visitedBranchPoints="0" sequenceCoverage="0" branchCoverage="0" maxCyclomaticComplexity="1" minCyclomaticComplexity="1" visitedClasses="0" numClasses="1" visitedMethods="0" numMethods="1" minCrapScore="0" maxCrapScore="0" />
          <FullName>NavySearch.Data/scrapeMessageLinks@219-2</FullName>
          <Methods>
            <Method visited="false" cyclomaticComplexity="1" nPathComplexity="0" sequenceCoverage="0" branchCoverage="0" isConstructor="false" isStatic="false" isGetter="false" isSetter="false" crapScore="0">
              <Summary numSequencePoints="1" visitedSequencePoints="0" numBranchPoints="1" visitedBranchPoints="0" sequenceCoverage="0" branchCoverage="0" maxCyclomaticComplexity="1" minCyclomaticComplexity="1" visitedClasses="0" numClasses="0" visitedMethods="0" numMethods="1" minCrapScore="0" maxCrapScore="0" />
              <MetadataToken>100663346</MetadataToken>
              <Name>Microsoft.FSharp.Core.FSharpOption`1&lt;System.Tuple`2&lt;System.String,System.String&gt;&gt; NavySearch.Data/scrapeMessageLinks@219-2::Invoke(FSharp.Data.HtmlNode)</Name>
              <FileRef uid="1" />
              <SequencePoints>
                <SequencePoint vc="0" uspid="33" ordinal="0" offset="0" sl="219" sc="33" el="219" ec="108" bec="0" bev="0" fileid="1" />
              </SequencePoints>
              <BranchPoints />
              <MethodPoint xsi:type="SequencePoint" vc="0" uspid="33" ordinal="0" offset="0" sl="219" sc="33" el="219" ec="108" bec="0" bev="0" fileid="1" />
            </Method>
          </Methods>
        </Class>
        <Class>
          <Summary numSequencePoints="1" visitedSequencePoints="0" numBranchPoints="1" visitedBranchPoints="0" sequenceCoverage="0" branchCoverage="0" maxCyclomaticComplexity="1" minCyclomaticComplexity="1" visitedClasses="0" numClasses="1" visitedMethods="0" numMethods="1" minCrapScore="0" maxCrapScore="0" />
          <FullName>NavySearch.Data/getMessage@230-2</FullName>
          <Methods>
            <Method visited="false" cyclomaticComplexity="1" nPathComplexity="0" sequenceCoverage="0" branchCoverage="0" isConstructor="false" isStatic="false" isGetter="false" isSetter="false" crapScore="0">
              <Summary numSequencePoints="1" visitedSequencePoints="0" numBranchPoints="1" visitedBranchPoints="0" sequenceCoverage="0" branchCoverage="0" maxCyclomaticComplexity="1" minCyclomaticComplexity="1" visitedClasses="0" numClasses="0" visitedMethods="0" numMethods="1" minCrapScore="0" maxCrapScore="0" />
              <MetadataToken>100663348</MetadataToken>
              <Name>Microsoft.FSharp.Control.AsyncReturn NavySearch.Data/getMessage@230-2::Invoke(Microsoft.FSharp.Control.AsyncActivation`1&lt;System.String&gt;)</Name>
              <FileRef uid="1" />
              <SequencePoints>
                <SequencePoint vc="0" uspid="34" ordinal="0" offset="0" sl="230" sc="13" el="230" ec="24" bec="0" bev="0" fileid="1" />
              </SequencePoints>
              <BranchPoints />
              <MethodPoint xsi:type="SequencePoint" vc="0" uspid="34" ordinal="0" offset="0" sl="230" sc="13" el="230" ec="24" bec="0" bev="0" fileid="1" />
            </Method>
          </Methods>
        </Class>
        <Class>
          <Summary numSequencePoints="2" visitedSequencePoints="0" numBranchPoints="1" visitedBranchPoints="0" sequenceCoverage="0" branchCoverage="0" maxCyclomaticComplexity="1" minCyclomaticComplexity="1" visitedClasses="0" numClasses="1" visitedMethods="0" numMethods="1" minCrapScore="0" maxCrapScore="0" />
          <FullName>NavySearch.Data/getMessage@230-1</FullName>
          <Methods>
            <Method visited="false" cyclomaticComplexity="1" nPathComplexity="0" sequenceCoverage="0" branchCoverage="0" isConstructor="false" isStatic="false" isGetter="false" isSetter="false" crapScore="0">
              <Summary numSequencePoints="2" visitedSequencePoints="0" numBranchPoints="1" visitedBranchPoints="0" sequenceCoverage="0" branchCoverage="0" maxCyclomaticComplexity="1" minCyclomaticComplexity="1" visitedClasses="0" numClasses="0" visitedMethods="0" numMethods="1" minCrapScore="0" maxCrapScore="0" />
              <MetadataToken>100663350</MetadataToken>
              <Name>Microsoft.FSharp.Control.FSharpAsync`1&lt;System.String&gt; NavySearch.Data/getMessage@230-1::Invoke(System.String)</Name>
              <FileRef uid="1" />
              <SequencePoints>
                <SequencePoint vc="0" uspid="36" ordinal="0" offset="0" sl="229" sc="13" el="229" ec="53" bec="0" bev="0" fileid="1" />
                <SequencePoint vc="0" uspid="35" ordinal="1" offset="2" sl="230" sc="13" el="230" ec="24" bec="0" bev="0" fileid="1" />
              </SequencePoints>
              <BranchPoints />
              <MethodPoint xsi:type="SequencePoint" vc="0" uspid="36" ordinal="0" offset="0" sl="229" sc="13" el="229" ec="53" bec="0" bev="0" fileid="1" />
            </Method>
          </Methods>
        </Class>
        <Class>
          <Summary numSequencePoints="1" visitedSequencePoints="0" numBranchPoints="1" visitedBranchPoints="0" sequenceCoverage="0" branchCoverage="0" maxCyclomaticComplexity="1" minCyclomaticComplexity="1" visitedClasses="0" numClasses="1" visitedMethods="0" numMethods="1" minCrapScore="0" maxCrapScore="0" />
          <FullName>NavySearch.Data/getMessage@229-3</FullName>
          <Methods>
            <Method visited="false" cyclomaticComplexity="1" nPathComplexity="0" sequenceCoverage="0" branchCoverage="0" isConstructor="false" isStatic="false" isGetter="false" isSetter="false" crapScore="0">
              <Summary numSequencePoints="1" visitedSequencePoints="0" numBranchPoints="1" visitedBranchPoints="0" sequenceCoverage="0" branchCoverage="0" maxCyclomaticComplexity="1" minCyclomaticComplexity="1" visitedClasses="0" numClasses="0" visitedMethods="0" numMethods="1" minCrapScore="0" maxCrapScore="0" />
              <MetadataToken>100663352</MetadataToken>
              <Name>Microsoft.FSharp.Control.AsyncReturn NavySearch.Data/getMessage@229-3::Invoke(Microsoft.FSharp.Control.AsyncActivation`1&lt;System.String&gt;)</Name>
              <FileRef uid="1" />
              <SequencePoints>
                <SequencePoint vc="0" uspid="37" ordinal="0" offset="0" sl="229" sc="13" el="229" ec="53" bec="0" bev="0" fileid="1" />
              </SequencePoints>
              <BranchPoints />
              <MethodPoint xsi:type="SequencePoint" vc="0" uspid="37" ordinal="0" offset="0" sl="229" sc="13" el="229" ec="53" bec="0" bev="0" fileid="1" />
            </Method>
          </Methods>
        </Class>
        <Class>
          <Summary numSequencePoints="1" visitedSequencePoints="0" numBranchPoints="1" visitedBranchPoints="0" sequenceCoverage="0" branchCoverage="0" maxCyclomaticComplexity="1" minCyclomaticComplexity="1" visitedClasses="0" numClasses="1" visitedMethods="0" numMethods="1" minCrapScore="0" maxCrapScore="0" />
          <FullName>NavySearch.Data/getMessage@229</FullName>
          <Methods>
            <Method visited="false" cyclomaticComplexity="1" nPathComplexity="0" sequenceCoverage="0" branchCoverage="0" isConstructor="false" isStatic="false" isGetter="false" isSetter="false" crapScore="0">
              <Summary numSequencePoints="1" visitedSequencePoints="0" numBranchPoints="1" visitedBranchPoints="0" sequenceCoverage="0" branchCoverage="0" maxCyclomaticComplexity="1" minCyclomaticComplexity="1" visitedClasses="0" numClasses="0" visitedMethods="0" numMethods="1" minCrapScore="0" maxCrapScore="0" />
              <MetadataToken>100663354</MetadataToken>
              <Name>Microsoft.FSharp.Control.FSharpAsync`1&lt;System.String&gt; NavySearch.Data/getMessage@229::Invoke(Microsoft.FSharp.Core.Unit)</Name>
              <FileRef uid="1" />
              <SequencePoints>
                <SequencePoint vc="0" uspid="38" ordinal="0" offset="0" sl="229" sc="13" el="229" ec="53" bec="0" bev="0" fileid="1" />
              </SequencePoints>
              <BranchPoints />
              <MethodPoint xsi:type="SequencePoint" vc="0" uspid="38" ordinal="0" offset="0" sl="229" sc="13" el="229" ec="53" bec="0" bev="0" fileid="1" />
            </Method>
          </Methods>
        </Class>
        <Class>
          <Summary numSequencePoints="54" visitedSequencePoints="50" numBranchPoints="52" visitedBranchPoints="44" sequenceCoverage="92.59" branchCoverage="84.62" maxCyclomaticComplexity="15" minCyclomaticComplexity="1" visitedClasses="1" numClasses="1" visitedMethods="9" numMethods="9" minCrapScore="1" maxCrapScore="18.52" />
          <FullName>NavySearch.Message</FullName>
          <Methods>
            <Method visited="true" cyclomaticComplexity="3" nPathComplexity="4" sequenceCoverage="100" branchCoverage="100" isConstructor="false" isStatic="true" isGetter="false" isSetter="false" crapScore="3">
              <Summary numSequencePoints="4" visitedSequencePoints="4" numBranchPoints="5" visitedBranchPoints="5" sequenceCoverage="100" branchCoverage="100" maxCyclomaticComplexity="3" minCyclomaticComplexity="3" visitedClasses="0" numClasses="0" visitedMethods="1" numMethods="1" minCrapScore="3" maxCrapScore="3" />
              <MetadataToken>100663355</MetadataToken>
              <Name>NavySearch.Message/MessageType NavySearch.Message::getType(System.String)</Name>
              <FileRef uid="1" />
              <SequencePoints>
                <SequencePoint vc="7" uspid="42" ordinal="0" offset="0" sl="42" sc="9" el="42" ec="24" bec="4" bev="4" fileid="1" />
                <SequencePoint vc="4" uspid="41" ordinal="1" offset="34" sl="43" sc="20" el="43" ec="28" bec="0" bev="0" fileid="1" />
                <SequencePoint vc="2" uspid="40" ordinal="2" offset="40" sl="44" sc="20" el="44" ec="25" bec="0" bev="0" fileid="1" />
                <SequencePoint vc="1" uspid="39" ordinal="3" offset="46" sl="45" sc="16" el="45" ec="23" bec="0" bev="0" fileid="1" />
              </SequencePoints>
              <BranchPoints>
                <BranchPoint vc="4" uspid="2" ordinal="0" offset="13" sl="42" path="0" offsetchain="15" offsetend="34" fileid="1" />
                <BranchPoint vc="3" uspid="3" ordinal="1" offset="13" sl="42" path="1" offsetend="17" fileid="1" />
                <BranchPoint vc="2" uspid="4" ordinal="2" offset="28" sl="42" path="0" offsetchain="30" offsetend="40" fileid="1" />
                <BranchPoint vc="1" uspid="5" ordinal="3" offset="28" sl="42" path="1" offsetchain="32" offsetend="46" fileid="1" />
              </BranchPoints>
              <MethodPoint xsi:type="SequencePoint" vc="7" uspid="42" ordinal="0" offset="0" sl="42" sc="9" el="42" ec="24" bec="4" bev="0" fileid="1" />
            </Method>
            <Method visited="true" cyclomaticComplexity="3" nPathComplexity="3" sequenceCoverage="100" branchCoverage="100" isConstructor="false" isStatic="true" isGetter="false" isSetter="false" crapScore="3">
              <Summary numSequencePoints="4" visitedSequencePoints="4" numBranchPoints="4" visitedBranchPoints="4" sequenceCoverage="100" branchCoverage="100" maxCyclomaticComplexity="3" minCyclomaticComplexity="3" visitedClasses="0" numClasses="0" visitedMethods="1" numMethods="1" minCrapScore="3" maxCrapScore="3" />
              <MetadataToken>100663356</MetadataToken>
              <Name>System.String NavySearch.Message::getCode(NavySearch.Message/MessageType)</Name>
              <FileRef uid="1" />
              <SequencePoints>
                <SequencePoint vc="8" uspid="46" ordinal="0" offset="0" sl="48" sc="9" el="48" ec="31" bec="3" bev="3" fileid="1" />
                <SequencePoint vc="4" uspid="45" ordinal="1" offset="29" sl="49" sc="23" el="49" ec="28" bec="0" bev="0" fileid="1" />
                <SequencePoint vc="3" uspid="44" ordinal="2" offset="35" sl="50" sc="20" el="50" ec="25" bec="0" bev="0" fileid="1" />
                <SequencePoint vc="1" uspid="43" ordinal="3" offset="41" sl="51" sc="22" el="51" ec="27" bec="0" bev="0" fileid="1" />
              </SequencePoints>
              <BranchPoints>
                <BranchPoint vc="4" uspid="6" ordinal="0" offset="6" sl="48" path="0" offsetchain="23" offsetend="29" fileid="1" />
                <BranchPoint vc="3" uspid="7" ordinal="1" offset="6" sl="48" path="1" offsetchain="25" offsetend="35" fileid="1" />
                <BranchPoint vc="1" uspid="8" ordinal="2" offset="6" sl="48" path="2" offsetchain="27" offsetend="41" fileid="1" />
              </BranchPoints>
              <MethodPoint xsi:type="SequencePoint" vc="8" uspid="46" ordinal="0" offset="0" sl="48" sc="9" el="48" ec="31" bec="3" bev="0" fileid="1" />
            </Method>
            <Method visited="true" cyclomaticComplexity="3" nPathComplexity="3" sequenceCoverage="100" branchCoverage="100" isConstructor="false" isStatic="true" isGetter="false" isSetter="false" crapScore="3">
              <Summary numSequencePoints="4" visitedSequencePoints="4" numBranchPoints="4" visitedBranchPoints="4" sequenceCoverage="100" branchCoverage="100" maxCyclomaticComplexity="3" minCyclomaticComplexity="3" visitedClasses="0" numClasses="0" visitedMethods="1" numMethods="1" minCrapScore="3" maxCrapScore="3" />
              <MetadataToken>100663357</MetadataToken>
              <Name>System.String NavySearch.Message::createMessageId(NavySearch.Message/MessageType,System.Int32,System.Int32)</Name>
              <FileRef uid="1" />
              <SequencePoints>
                <SequencePoint vc="6" uspid="50" ordinal="0" offset="0" sl="54" sc="9" el="54" ec="31" bec="3" bev="3" fileid="1" />
                <SequencePoint vc="2" uspid="49" ordinal="1" offset="29" sl="55" sc="23" el="55" ec="49" bec="0" bev="0" fileid="1" />
                <SequencePoint vc="2" uspid="48" ordinal="2" offset="59" sl="56" sc="20" el="56" ec="43" bec="0" bev="0" fileid="1" />
                <SequencePoint vc="2" uspid="47" ordinal="3" offset="89" sl="57" sc="22" el="57" ec="48" bec="0" bev="0" fileid="1" />
              </SequencePoints>
              <BranchPoints>
                <BranchPoint vc="2" uspid="9" ordinal="0" offset="6" sl="54" path="0" offsetchain="23" offsetend="29" fileid="1" />
                <BranchPoint vc="2" uspid="10" ordinal="1" offset="6" sl="54" path="1" offsetchain="25" offsetend="59" fileid="1" />
                <BranchPoint vc="2" uspid="11" ordinal="2" offset="6" sl="54" path="2" offsetchain="27" offsetend="89" fileid="1" />
              </BranchPoints>
              <MethodPoint xsi:type="SequencePoint" vc="6" uspid="50" ordinal="0" offset="0" sl="54" sc="9" el="54" ec="31" bec="3" bev="0" fileid="1" />
            </Method>
            <Method visited="true" cyclomaticComplexity="15" nPathComplexity="12" sequenceCoverage="75" branchCoverage="50" isConstructor="false" isStatic="true" isGetter="false" isSetter="false" crapScore="18.52">
              <Summary numSequencePoints="8" visitedSequencePoints="6" numBranchPoints="8" visitedBranchPoints="4" sequenceCoverage="75" branchCoverage="50" maxCyclomaticComplexity="15" minCyclomaticComplexity="15" visitedClasses="0" numClasses="0" visitedMethods="1" numMethods="1" minCrapScore="18.52" maxCrapScore="18.52" />
              <MetadataToken>100663358</MetadataToken>
              <Name>System.String NavySearch.Message::createNpcPageUrl(NavySearch.Message/MessageType,System.Int32)</Name>
              <FileRef uid="1" />
              <SequencePoints>
                <SequencePoint vc="4" uspid="58" ordinal="0" offset="0" sl="60" sc="9" el="60" ec="88" bec="0" bev="0" fileid="1" />
                <SequencePoint vc="4" uspid="57" ordinal="1" offset="6" sl="63" sc="13" el="63" ec="51" bec="2" bev="1" fileid="1" />
                <SequencePoint vc="0" uspid="56" ordinal="2" offset="103" sl="64" sc="31" el="64" ec="56" bec="2" bev="0" fileid="1" />
                <SequencePoint vc="4" uspid="55" ordinal="3" offset="350" sl="65" sc="21" el="65" ec="32" bec="0" bev="0" fileid="1" />
                <SequencePoint vc="4" uspid="54" ordinal="4" offset="424" sl="66" sc="9" el="66" ec="31" bec="3" bev="2" fileid="1" />
                <SequencePoint vc="2" uspid="53" ordinal="5" offset="453" sl="67" sc="23" el="67" ec="69" bec="0" bev="0" fileid="1" />
                <SequencePoint vc="2" uspid="52" ordinal="6" offset="485" sl="68" sc="20" el="68" ec="60" bec="0" bev="0" fileid="1" />
                <SequencePoint vc="0" uspid="51" ordinal="7" offset="517" sl="69" sc="22" el="69" ec="68" bec="0" bev="0" fileid="1" />
              </SequencePoints>
              <BranchPoints>
                <BranchPoint vc="0" uspid="12" ordinal="0" offset="91" sl="63" path="0" offsetchain="93" offsetend="100" fileid="1" />
                <BranchPoint vc="4" uspid="13" ordinal="1" offset="91" sl="63" path="1" offsetchain="95" offsetend="350" fileid="1" />
                <BranchPoint vc="0" uspid="14" ordinal="2" offset="322" sl="64" path="0" offsetchain="328 324" offsetend="423" fileid="1" />
                <BranchPoint vc="0" uspid="15" ordinal="3" offset="322" sl="64" path="1" offsetchain="336 326" offsetend="423" fileid="1" />
                <BranchPoint vc="2" uspid="16" ordinal="4" offset="430" sl="66" path="0" offsetchain="447" offsetend="453" fileid="1" />
                <BranchPoint vc="2" uspid="17" ordinal="5" offset="430" sl="66" path="1" offsetchain="449" offsetend="485" fileid="1" />
                <BranchPoint vc="0" uspid="18" ordinal="6" offset="430" sl="66" path="2" offsetchain="451" offsetend="517" fileid="1" />
              </BranchPoints>
              <MethodPoint xsi:type="SequencePoint" vc="4" uspid="58" ordinal="0" offset="0" sl="60" sc="9" el="60" ec="88" bec="0" bev="0" fileid="1" />
            </Method>
            <Method visited="true" cyclomaticComplexity="7" nPathComplexity="64" sequenceCoverage="100" branchCoverage="100" isConstructor="false" isStatic="true" isGetter="false" isSetter="false" crapScore="7">
              <Summary numSequencePoints="11" visitedSequencePoints="11" numBranchPoints="13" visitedBranchPoints="13" sequenceCoverage="100" branchCoverage="100" maxCyclomaticComplexity="7" minCyclomaticComplexity="7" visitedClasses="0" numClasses="0" visitedMethods="1" numMethods="1" minCrapScore="7" maxCrapScore="7" />
              <MetadataToken>100663359</MetadataToken>
              <Name>System.String NavySearch.Message::createMessageUriFragment(NavySearch.Message/MessageType,System.Int32,System.Int32)</Name>
              <FileRef uid="1" />
              <SequencePoints>
                <SequencePoint vc="5" uspid="69" ordinal="0" offset="0" sl="72" sc="9" el="72" ec="39" bec="0" bev="0" fileid="1" />
                <SequencePoint vc="5" uspid="68" ordinal="1" offset="7" sl="75" sc="13" el="75" ec="35" bec="4" bev="4" fileid="1" />
                <SequencePoint vc="2" uspid="67" ordinal="2" offset="27" sl="76" sc="43" el="76" ec="55" bec="2" bev="2" fileid="1" />
                <SequencePoint vc="2" uspid="66" ordinal="3" offset="48" sl="77" sc="24" el="77" ec="33" bec="0" bev="0" fileid="1" />
                <SequencePoint vc="1" uspid="65" ordinal="4" offset="56" sl="78" sc="20" el="78" ec="22" bec="0" bev="0" fileid="1" />
                <SequencePoint vc="5" uspid="64" ordinal="5" offset="63" sl="81" sc="13" el="81" ec="67" bec="0" bev="0" fileid="1" />
                <SequencePoint vc="5" uspid="63" ordinal="6" offset="70" sl="82" sc="13" el="82" ec="35" bec="4" bev="4" fileid="1" />
                <SequencePoint vc="1" uspid="62" ordinal="7" offset="92" sl="83" sc="42" el="83" ec="55" bec="2" bev="2" fileid="1" />
                <SequencePoint vc="2" uspid="61" ordinal="8" offset="139" sl="84" sc="24" el="84" ec="30" bec="0" bev="0" fileid="1" />
                <SequencePoint vc="2" uspid="60" ordinal="9" offset="144" sl="85" sc="20" el="85" ec="26" bec="0" bev="0" fileid="1" />
                <SequencePoint vc="5" uspid="59" ordinal="10" offset="148" sl="87" sc="9" el="87" ec="43" bec="0" bev="0" fileid="1" />
              </SequencePoints>
              <BranchPoints>
                <BranchPoint vc="3" uspid="19" ordinal="0" offset="16" sl="75" path="0" offsetend="18" fileid="1" />
                <BranchPoint vc="2" uspid="20" ordinal="1" offset="16" sl="75" path="1" offsetend="35" fileid="1" />
                <BranchPoint vc="2" uspid="21" ordinal="2" offset="21" sl="75" path="0" offsetchain="23" offsetend="27" fileid="1" />
                <BranchPoint vc="1" uspid="22" ordinal="3" offset="21" sl="75" path="1" offsetchain="25" offsetend="35" fileid="1" />
                <BranchPoint vc="2" uspid="23" ordinal="4" offset="42" sl="76" path="0" offsetchain="44" offsetend="48" fileid="1" />
                <BranchPoint vc="1" uspid="24" ordinal="5" offset="42" sl="76" path="1" offsetchain="46" offsetend="56" fileid="1" />
                <BranchPoint vc="3" uspid="25" ordinal="6" offset="81" sl="82" path="0" offsetend="83" fileid="1" />
                <BranchPoint vc="2" uspid="26" ordinal="7" offset="81" sl="82" path="1" offsetend="125" fileid="1" />
                <BranchPoint vc="1" uspid="27" ordinal="8" offset="86" sl="82" path="0" offsetchain="88" offsetend="92" fileid="1" />
                <BranchPoint vc="2" uspid="28" ordinal="9" offset="86" sl="82" path="1" offsetchain="90" offsetend="125" fileid="1" />
                <BranchPoint vc="2" uspid="29" ordinal="10" offset="133" sl="83" path="0" offsetchain="135" offsetend="139" fileid="1" />
                <BranchPoint vc="2" uspid="30" ordinal="11" offset="133" sl="83" path="1" offsetchain="137" offsetend="144" fileid="1" />
              </BranchPoints>
              <MethodPoint xsi:type="SequencePoint" vc="5" uspid="69" ordinal="0" offset="0" sl="72" sc="9" el="72" ec="39" bec="0" bev="0" fileid="1" />
            </Method>
            <Method visited="true" cyclomaticComplexity="5" nPathComplexity="16" sequenceCoverage="81.82" branchCoverage="77.78" isConstructor="false" isStatic="true" isGetter="false" isSetter="false" crapScore="5.15">
              <Summary numSequencePoints="11" visitedSequencePoints="9" numBranchPoints="9" visitedBranchPoints="7" sequenceCoverage="81.82" branchCoverage="77.78" maxCyclomaticComplexity="5" minCyclomaticComplexity="5" visitedClasses="0" numClasses="0" visitedMethods="1" numMethods="1" minCrapScore="5.15" maxCrapScore="5.15" />
              <MetadataToken>100663360</MetadataToken>
              <Name>System.String NavySearch.Message::createYearsString(Microsoft.FSharp.Collections.FSharpList`1&lt;System.Int32&gt;)</Name>
              <FileRef uid="1" />
              <SequencePoints>
                <SequencePoint vc="3" uspid="80" ordinal="0" offset="0" sl="90" sc="9" el="90" ec="39" bec="2" bev="2" fileid="1" />
                <SequencePoint vc="1" uspid="79" ordinal="1" offset="21" sl="92" sc="13" el="92" ec="44" bec="0" bev="0" fileid="1" />
                <SequencePoint vc="1" uspid="78" ordinal="2" offset="28" sl="94" sc="13" el="97" ec="73" bec="0" bev="0" fileid="1" />
                <SequencePoint vc="1" uspid="77" ordinal="3" offset="65" sl="99" sc="13" el="102" ec="28" bec="0" bev="0" fileid="1" />
                <SequencePoint vc="1" uspid="76" ordinal="4" offset="78" sl="104" sc="13" el="104" ec="31" bec="2" bev="2" fileid="1" />
                <SequencePoint vc="1" uspid="75" ordinal="5" offset="132" sl="106" sc="13" el="106" ec="34" bec="2" bev="1" fileid="1" />
                <SequencePoint vc="0" uspid="74" ordinal="6" offset="169" sl="107" sc="45" el="107" ec="64" bec="0" bev="0" fileid="1" />
                <SequencePoint vc="1" uspid="73" ordinal="7" offset="212" sl="106" sc="13" el="106" ec="34" bec="0" bev="0" fileid="1" />
                <SequencePoint vc="1" uspid="72" ordinal="8" offset="216" sl="108" sc="20" el="108" ec="39" bec="2" bev="1" fileid="1" />
                <SequencePoint vc="1" uspid="71" ordinal="9" offset="276" sl="109" sc="27" el="109" ec="39" bec="0" bev="0" fileid="1" />
                <SequencePoint vc="0" uspid="70" ordinal="10" offset="311" sl="110" sc="16" el="110" ec="18" bec="0" bev="0" fileid="1" />
              </SequencePoints>
              <BranchPoints>
                <BranchPoint vc="1" uspid="31" ordinal="0" offset="13" sl="90" path="0" offsetchain="15" offsetend="19" fileid="1" />
                <BranchPoint vc="2" uspid="32" ordinal="1" offset="13" sl="90" path="1" offsetchain="17" offsetend="112" fileid="1" />
                <BranchPoint vc="1" uspid="33" ordinal="2" offset="120" sl="104" path="0" offsetchain="122" offsetend="129" fileid="1" />
                <BranchPoint vc="1" uspid="34" ordinal="3" offset="120" sl="104" path="1" offsetchain="124" offsetend="259" fileid="1" />
                <BranchPoint vc="0" uspid="35" ordinal="4" offset="159" sl="106" path="0" offsetchain="161" offsetend="165" fileid="1" />
                <BranchPoint vc="1" uspid="36" ordinal="5" offset="159" sl="106" path="1" offsetchain="163" offsetend="212" fileid="1" />
                <BranchPoint vc="1" uspid="37" ordinal="6" offset="267" sl="108" path="0" offsetchain="269" offsetend="273" fileid="1" />
                <BranchPoint vc="0" uspid="38" ordinal="7" offset="267" sl="108" path="1" offsetchain="271" offsetend="311" fileid="1" />
              </BranchPoints>
              <MethodPoint xsi:type="SequencePoint" vc="3" uspid="80" ordinal="0" offset="0" sl="90" sc="9" el="90" ec="39" bec="2" bev="0" fileid="1" />
            </Method>
            <Method visited="true" cyclomaticComplexity="14" nPathComplexity="8" sequenceCoverage="100" branchCoverage="100" isConstructor="false" isStatic="true" isGetter="false" isSetter="false" crapScore="14">
              <Summary numSequencePoints="8" visitedSequencePoints="8" numBranchPoints="7" visitedBranchPoints="7" sequenceCoverage="100" branchCoverage="100" maxCyclomaticComplexity="14" minCyclomaticComplexity="14" visitedClasses="0" numClasses="0" visitedMethods="1" numMethods="1" minCrapScore="14" maxCrapScore="14" />
              <MetadataToken>100663361</MetadataToken>
              <Name>NavySearch.Message/MessageInfo NavySearch.Message::parseMessageIdentifier(System.String)</Name>
              <FileRef uid="1" />
              <SequencePoints>
                <SequencePoint vc="7" uspid="88" ordinal="0" offset="0" sl="114" sc="13" el="114" ec="41" bec="2" bev="2" fileid="1" />
                <SequencePoint vc="4" uspid="87" ordinal="1" offset="26" sl="115" sc="47" el="115" ec="68" bec="4" bev="4" fileid="1" />
                <SequencePoint vc="1" uspid="86" ordinal="2" offset="72" sl="116" sc="29" el="116" ec="37" bec="0" bev="0" fileid="1" />
                <SequencePoint vc="1" uspid="85" ordinal="3" offset="80" sl="117" sc="26" el="117" ec="31" bec="0" bev="0" fileid="1" />
                <SequencePoint vc="1" uspid="84" ordinal="4" offset="88" sl="118" sc="20" el="118" ec="27" bec="0" bev="0" fileid="1" />
                <SequencePoint vc="7" uspid="83" ordinal="5" offset="95" sl="120" sc="9" el="120" ec="91" bec="0" bev="0" fileid="1" />
                <SequencePoint vc="7" uspid="82" ordinal="6" offset="299" sl="121" sc="9" el="121" ec="70" bec="0" bev="0" fileid="1" />
                <SequencePoint vc="7" uspid="81" ordinal="7" offset="483" sl="122" sc="9" el="125" ec="22" bec="0" bev="0" fileid="1" />
              </SequencePoints>
              <BranchPoints>
                <BranchPoint vc="4" uspid="39" ordinal="0" offset="18" sl="114" path="0" offsetchain="20" offsetend="24" fileid="1" />
                <BranchPoint vc="3" uspid="40" ordinal="1" offset="18" sl="114" path="1" offsetchain="22" offsetend="40" fileid="1" />
                <BranchPoint vc="1" uspid="41" ordinal="2" offset="51" sl="115" path="0" offsetchain="53" offsetend="72" fileid="1" />
                <BranchPoint vc="2" uspid="42" ordinal="3" offset="51" sl="115" path="1" offsetend="55" fileid="1" />
                <BranchPoint vc="1" uspid="43" ordinal="4" offset="66" sl="115" path="0" offsetchain="68" offsetend="80" fileid="1" />
                <BranchPoint vc="1" uspid="44" ordinal="5" offset="66" sl="115" path="1" offsetchain="70" offsetend="88" fileid="1" />
              </BranchPoints>
              <MethodPoint xsi:type="SequencePoint" vc="7" uspid="88" ordinal="0" offset="0" sl="114" sc="13" el="114" ec="41" bec="2" bev="0" fileid="1" />
            </Method>
            <Method visited="true" cyclomaticComplexity="1" nPathComplexity="0" sequenceCoverage="100" branchCoverage="0" isConstructor="false" isStatic="true" isGetter="false" isSetter="false" crapScore="1">
              <Summary numSequencePoints="3" visitedSequencePoints="3" numBranchPoints="1" visitedBranchPoints="0" sequenceCoverage="100" branchCoverage="0" maxCyclomaticComplexity="1" minCyclomaticComplexity="1" visitedClasses="0" numClasses="0" visitedMethods="1" numMethods="1" minCrapScore="1" maxCrapScore="1" />
              <MetadataToken>100663362</MetadataToken>
              <Name>NavySearch.Message/MessageInfo NavySearch.Message::parseMessageUri(System.String)</Name>
              <FileRef uid="1" />
              <SequencePoints>
                <SequencePoint vc="2" uspid="91" ordinal="0" offset="6" sl="130" sc="9" el="134" ec="20" bec="0" bev="0" fileid="1" />
                <SequencePoint vc="2" uspid="90" ordinal="1" offset="44" sl="136" sc="9" el="139" ec="20" bec="0" bev="0" fileid="1" />
                <SequencePoint vc="2" uspid="89" ordinal="2" offset="77" sl="141" sc="9" el="141" ec="49" bec="0" bev="0" fileid="1" />
              </SequencePoints>
              <BranchPoints />
              <MethodPoint xsi:type="SequencePoint" vc="2" uspid="91" ordinal="0" offset="6" sl="130" sc="9" el="134" ec="20" bec="0" bev="0" fileid="1" />
            </Method>
            <Method visited="true" cyclomaticComplexity="1" nPathComplexity="0" sequenceCoverage="100" branchCoverage="0" isConstructor="false" isStatic="true" isGetter="false" isSetter="false" crapScore="1">
              <Summary numSequencePoints="1" visitedSequencePoints="1" numBranchPoints="1" visitedBranchPoints="0" sequenceCoverage="100" branchCoverage="0" maxCyclomaticComplexity="1" minCyclomaticComplexity="1" visitedClasses="0" numClasses="0" visitedMethods="1" numMethods="1" minCrapScore="1" maxCrapScore="1" />
              <MetadataToken>100663363</MetadataToken>
              <Name>System.Collections.Generic.IEnumerable`1&lt;NavySearch.Message/MessageInfo&gt; NavySearch.Message::chunkByTextValue(NavySearch.Message/MessageInfo,System.Int32)</Name>
              <FileRef uid="1" />
              <SequencePoints>
                <SequencePoint vc="2" uspid="92" ordinal="0" offset="0" sl="144" sc="9" el="151" ec="55" bec="0" bev="0" fileid="1" />
              </SequencePoints>
              <BranchPoints />
              <MethodPoint xsi:type="SequencePoint" vc="2" uspid="92" ordinal="0" offset="0" sl="144" sc="9" el="151" ec="55" bec="0" bev="0" fileid="1" />
            </Method>
          </Methods>
        </Class>
        <Class>
          <Summary numSequencePoints="0" visitedSequencePoints="0" numBranchPoints="0" visitedBranchPoints="0" sequenceCoverage="0" branchCoverage="0" maxCyclomaticComplexity="0" minCyclomaticComplexity="0" visitedClasses="0" numClasses="0" visitedMethods="0" numMethods="0" minCrapScore="0" maxCrapScore="0" />
          <FullName>NavySearch.Message/MessageType</FullName>
          <Methods />
        </Class>
        <Class>
          <Summary numSequencePoints="0" visitedSequencePoints="0" numBranchPoints="0" visitedBranchPoints="0" sequenceCoverage="0" branchCoverage="0" maxCyclomaticComplexity="0" minCyclomaticComplexity="0" visitedClasses="0" numClasses="0" visitedMethods="0" numMethods="0" minCrapScore="0" maxCrapScore="0" />
          <FullName>NavySearch.Message/MessageType/Tags</FullName>
          <Methods />
        </Class>
        <Class>
          <Summary numSequencePoints="0" visitedSequencePoints="0" numBranchPoints="0" visitedBranchPoints="0" sequenceCoverage="0" branchCoverage="0" maxCyclomaticComplexity="0" minCyclomaticComplexity="0" visitedClasses="0" numClasses="0" visitedMethods="0" numMethods="0" minCrapScore="0" maxCrapScore="0" />
          <FullName>NavySearch.Message/MessageInfo</FullName>
          <Methods />
        </Class>
        <Class>
          <Summary numSequencePoints="1" visitedSequencePoints="1" numBranchPoints="1" visitedBranchPoints="0" sequenceCoverage="100" branchCoverage="0" maxCyclomaticComplexity="1" minCyclomaticComplexity="1" visitedClasses="1" numClasses="1" visitedMethods="1" numMethods="1" minCrapScore="1" maxCrapScore="1" />
          <FullName>NavySearch.Message/createMessageId@55-1</FullName>
          <Methods>
            <Method visited="true" cyclomaticComplexity="1" nPathComplexity="0" sequenceCoverage="100" branchCoverage="0" isConstructor="false" isStatic="false" isGetter="false" isSetter="false" crapScore="1">
              <Summary numSequencePoints="1" visitedSequencePoints="1" numBranchPoints="1" visitedBranchPoints="0" sequenceCoverage="100" branchCoverage="0" maxCyclomaticComplexity="1" minCyclomaticComplexity="1" visitedClasses="0" numClasses="0" visitedMethods="1" numMethods="1" minCrapScore="1" maxCrapScore="1" />
              <MetadataToken>100663398</MetadataToken>
              <Name>System.String NavySearch.Message/createMessageId@55-1::Invoke(System.Int32)</Name>
              <FileRef uid="1" />
              <SequencePoints>
                <SequencePoint vc="2" uspid="93" ordinal="0" offset="0" sl="55" sc="23" el="55" ec="49" bec="0" bev="0" fileid="1" />
              </SequencePoints>
              <BranchPoints />
              <MethodPoint xsi:type="SequencePoint" vc="2" uspid="93" ordinal="0" offset="0" sl="55" sc="23" el="55" ec="49" bec="0" bev="0" fileid="1" />
            </Method>
          </Methods>
        </Class>
        <Class>
          <Summary numSequencePoints="1" visitedSequencePoints="1" numBranchPoints="1" visitedBranchPoints="0" sequenceCoverage="100" branchCoverage="0" maxCyclomaticComplexity="1" minCyclomaticComplexity="1" visitedClasses="1" numClasses="1" visitedMethods="1" numMethods="1" minCrapScore="1" maxCrapScore="1" />
          <FullName>NavySearch.Message/createMessageId@55</FullName>
          <Methods>
            <Method visited="true" cyclomaticComplexity="1" nPathComplexity="0" sequenceCoverage="100" branchCoverage="0" isConstructor="false" isStatic="false" isGetter="false" isSetter="false" crapScore="1">
              <Summary numSequencePoints="1" visitedSequencePoints="1" numBranchPoints="1" visitedBranchPoints="0" sequenceCoverage="100" branchCoverage="0" maxCyclomaticComplexity="1" minCyclomaticComplexity="1" visitedClasses="0" numClasses="0" visitedMethods="1" numMethods="1" minCrapScore="1" maxCrapScore="1" />
              <MetadataToken>100663400</MetadataToken>
              <Name>Microsoft.FSharp.Core.FSharpFunc`2&lt;System.Int32,System.String&gt; NavySearch.Message/createMessageId@55::Invoke(System.Int32)</Name>
              <FileRef uid="1" />
              <SequencePoints>
                <SequencePoint vc="2" uspid="94" ordinal="0" offset="0" sl="55" sc="23" el="55" ec="49" bec="0" bev="0" fileid="1" />
              </SequencePoints>
              <BranchPoints />
              <MethodPoint xsi:type="SequencePoint" vc="2" uspid="94" ordinal="0" offset="0" sl="55" sc="23" el="55" ec="49" bec="0" bev="0" fileid="1" />
            </Method>
          </Methods>
        </Class>
        <Class>
          <Summary numSequencePoints="1" visitedSequencePoints="1" numBranchPoints="1" visitedBranchPoints="0" sequenceCoverage="100" branchCoverage="0" maxCyclomaticComplexity="1" minCyclomaticComplexity="1" visitedClasses="1" numClasses="1" visitedMethods="1" numMethods="1" minCrapScore="1" maxCrapScore="1" />
          <FullName>NavySearch.Message/createMessageId@56-3</FullName>
          <Methods>
            <Method visited="true" cyclomaticComplexity="1" nPathComplexity="0" sequenceCoverage="100" branchCoverage="0" isConstructor="false" isStatic="false" isGetter="false" isSetter="false" crapScore="1">
              <Summary numSequencePoints="1" visitedSequencePoints="1" numBranchPoints="1" visitedBranchPoints="0" sequenceCoverage="100" branchCoverage="0" maxCyclomaticComplexity="1" minCyclomaticComplexity="1" visitedClasses="0" numClasses="0" visitedMethods="1" numMethods="1" minCrapScore="1" maxCrapScore="1" />
              <MetadataToken>100663402</MetadataToken>
              <Name>System.String NavySearch.Message/createMessageId@56-3::Invoke(System.Int32)</Name>
              <FileRef uid="1" />
              <SequencePoints>
                <SequencePoint vc="2" uspid="95" ordinal="0" offset="0" sl="56" sc="20" el="56" ec="43" bec="0" bev="0" fileid="1" />
              </SequencePoints>
              <BranchPoints />
              <MethodPoint xsi:type="SequencePoint" vc="2" uspid="95" ordinal="0" offset="0" sl="56" sc="20" el="56" ec="43" bec="0" bev="0" fileid="1" />
            </Method>
          </Methods>
        </Class>
        <Class>
          <Summary numSequencePoints="1" visitedSequencePoints="1" numBranchPoints="1" visitedBranchPoints="0" sequenceCoverage="100" branchCoverage="0" maxCyclomaticComplexity="1" minCyclomaticComplexity="1" visitedClasses="1" numClasses="1" visitedMethods="1" numMethods="1" minCrapScore="1" maxCrapScore="1" />
          <FullName>NavySearch.Message/createMessageId@56-2</FullName>
          <Methods>
            <Method visited="true" cyclomaticComplexity="1" nPathComplexity="0" sequenceCoverage="100" branchCoverage="0" isConstructor="false" isStatic="false" isGetter="false" isSetter="false" crapScore="1">
              <Summary numSequencePoints="1" visitedSequencePoints="1" numBranchPoints="1" visitedBranchPoints="0" sequenceCoverage="100" branchCoverage="0" maxCyclomaticComplexity="1" minCyclomaticComplexity="1" visitedClasses="0" numClasses="0" visitedMethods="1" numMethods="1" minCrapScore="1" maxCrapScore="1" />
              <MetadataToken>100663404</MetadataToken>
              <Name>Microsoft.FSharp.Core.FSharpFunc`2&lt;System.Int32,System.String&gt; NavySearch.Message/createMessageId@56-2::Invoke(System.Int32)</Name>
              <FileRef uid="1" />
              <SequencePoints>
                <SequencePoint vc="2" uspid="96" ordinal="0" offset="0" sl="56" sc="20" el="56" ec="43" bec="0" bev="0" fileid="1" />
              </SequencePoints>
              <BranchPoints />
              <MethodPoint xsi:type="SequencePoint" vc="2" uspid="96" ordinal="0" offset="0" sl="56" sc="20" el="56" ec="43" bec="0" bev="0" fileid="1" />
            </Method>
          </Methods>
        </Class>
        <Class>
          <Summary numSequencePoints="1" visitedSequencePoints="1" numBranchPoints="1" visitedBranchPoints="0" sequenceCoverage="100" branchCoverage="0" maxCyclomaticComplexity="1" minCyclomaticComplexity="1" visitedClasses="1" numClasses="1" visitedMethods="1" numMethods="1" minCrapScore="1" maxCrapScore="1" />
          <FullName>NavySearch.Message/createMessageId@57-5</FullName>
          <Methods>
            <Method visited="true" cyclomaticComplexity="1" nPathComplexity="0" sequenceCoverage="100" branchCoverage="0" isConstructor="false" isStatic="false" isGetter="false" isSetter="false" crapScore="1">
              <Summary numSequencePoints="1" visitedSequencePoints="1" numBranchPoints="1" visitedBranchPoints="0" sequenceCoverage="100" branchCoverage="0" maxCyclomaticComplexity="1" minCyclomaticComplexity="1" visitedClasses="0" numClasses="0" visitedMethods="1" numMethods="1" minCrapScore="1" maxCrapScore="1" />
              <MetadataToken>100663406</MetadataToken>
              <Name>System.String NavySearch.Message/createMessageId@57-5::Invoke(System.Int32)</Name>
              <FileRef uid="1" />
              <SequencePoints>
                <SequencePoint vc="2" uspid="97" ordinal="0" offset="0" sl="57" sc="22" el="57" ec="48" bec="0" bev="0" fileid="1" />
              </SequencePoints>
              <BranchPoints />
              <MethodPoint xsi:type="SequencePoint" vc="2" uspid="97" ordinal="0" offset="0" sl="57" sc="22" el="57" ec="48" bec="0" bev="0" fileid="1" />
            </Method>
          </Methods>
        </Class>
        <Class>
          <Summary numSequencePoints="1" visitedSequencePoints="1" numBranchPoints="1" visitedBranchPoints="0" sequenceCoverage="100" branchCoverage="0" maxCyclomaticComplexity="1" minCyclomaticComplexity="1" visitedClasses="1" numClasses="1" visitedMethods="1" numMethods="1" minCrapScore="1" maxCrapScore="1" />
          <FullName>NavySearch.Message/createMessageId@57-4</FullName>
          <Methods>
            <Method visited="true" cyclomaticComplexity="1" nPathComplexity="0" sequenceCoverage="100" branchCoverage="0" isConstructor="false" isStatic="false" isGetter="false" isSetter="false" crapScore="1">
              <Summary numSequencePoints="1" visitedSequencePoints="1" numBranchPoints="1" visitedBranchPoints="0" sequenceCoverage="100" branchCoverage="0" maxCyclomaticComplexity="1" minCyclomaticComplexity="1" visitedClasses="0" numClasses="0" visitedMethods="1" numMethods="1" minCrapScore="1" maxCrapScore="1" />
              <MetadataToken>100663408</MetadataToken>
              <Name>Microsoft.FSharp.Core.FSharpFunc`2&lt;System.Int32,System.String&gt; NavySearch.Message/createMessageId@57-4::Invoke(System.Int32)</Name>
              <FileRef uid="1" />
              <SequencePoints>
                <SequencePoint vc="2" uspid="98" ordinal="0" offset="0" sl="57" sc="22" el="57" ec="48" bec="0" bev="0" fileid="1" />
              </SequencePoints>
              <BranchPoints />
              <MethodPoint xsi:type="SequencePoint" vc="2" uspid="98" ordinal="0" offset="0" sl="57" sc="22" el="57" ec="48" bec="0" bev="0" fileid="1" />
            </Method>
          </Methods>
        </Class>
        <Class>
          <Summary numSequencePoints="1" visitedSequencePoints="1" numBranchPoints="1" visitedBranchPoints="0" sequenceCoverage="100" branchCoverage="0" maxCyclomaticComplexity="1" minCyclomaticComplexity="1" visitedClasses="1" numClasses="1" visitedMethods="1" numMethods="1" minCrapScore="1" maxCrapScore="1" />
          <FullName>NavySearch.Message/createNpcPageUrl@67-1</FullName>
          <Methods>
            <Method visited="true" cyclomaticComplexity="1" nPathComplexity="0" sequenceCoverage="100" branchCoverage="0" isConstructor="false" isStatic="false" isGetter="false" isSetter="false" crapScore="1">
              <Summary numSequencePoints="1" visitedSequencePoints="1" numBranchPoints="1" visitedBranchPoints="0" sequenceCoverage="100" branchCoverage="0" maxCyclomaticComplexity="1" minCyclomaticComplexity="1" visitedClasses="0" numClasses="0" visitedMethods="1" numMethods="1" minCrapScore="1" maxCrapScore="1" />
              <MetadataToken>100663410</MetadataToken>
              <Name>System.String NavySearch.Message/createNpcPageUrl@67-1::Invoke(System.String)</Name>
              <FileRef uid="1" />
              <SequencePoints>
                <SequencePoint vc="2" uspid="99" ordinal="0" offset="0" sl="67" sc="23" el="67" ec="69" bec="0" bev="0" fileid="1" />
              </SequencePoints>
              <BranchPoints />
              <MethodPoint xsi:type="SequencePoint" vc="2" uspid="99" ordinal="0" offset="0" sl="67" sc="23" el="67" ec="69" bec="0" bev="0" fileid="1" />
            </Method>
          </Methods>
        </Class>
        <Class>
          <Summary numSequencePoints="1" visitedSequencePoints="1" numBranchPoints="1" visitedBranchPoints="0" sequenceCoverage="100" branchCoverage="0" maxCyclomaticComplexity="1" minCyclomaticComplexity="1" visitedClasses="1" numClasses="1" visitedMethods="1" numMethods="1" minCrapScore="1" maxCrapScore="1" />
          <FullName>NavySearch.Message/createNpcPageUrl@67</FullName>
          <Methods>
            <Method visited="true" cyclomaticComplexity="1" nPathComplexity="0" sequenceCoverage="100" branchCoverage="0" isConstructor="false" isStatic="false" isGetter="false" isSetter="false" crapScore="1">
              <Summary numSequencePoints="1" visitedSequencePoints="1" numBranchPoints="1" visitedBranchPoints="0" sequenceCoverage="100" branchCoverage="0" maxCyclomaticComplexity="1" minCyclomaticComplexity="1" visitedClasses="0" numClasses="0" visitedMethods="1" numMethods="1" minCrapScore="1" maxCrapScore="1" />
              <MetadataToken>100663412</MetadataToken>
              <Name>Microsoft.FSharp.Core.FSharpFunc`2&lt;System.String,System.String&gt; NavySearch.Message/createNpcPageUrl@67::Invoke(System.String)</Name>
              <FileRef uid="1" />
              <SequencePoints>
                <SequencePoint vc="2" uspid="100" ordinal="0" offset="0" sl="67" sc="23" el="67" ec="69" bec="0" bev="0" fileid="1" />
              </SequencePoints>
              <BranchPoints />
              <MethodPoint xsi:type="SequencePoint" vc="2" uspid="100" ordinal="0" offset="0" sl="67" sc="23" el="67" ec="69" bec="0" bev="0" fileid="1" />
            </Method>
          </Methods>
        </Class>
        <Class>
          <Summary numSequencePoints="1" visitedSequencePoints="1" numBranchPoints="1" visitedBranchPoints="0" sequenceCoverage="100" branchCoverage="0" maxCyclomaticComplexity="1" minCyclomaticComplexity="1" visitedClasses="1" numClasses="1" visitedMethods="1" numMethods="1" minCrapScore="1" maxCrapScore="1" />
          <FullName>NavySearch.Message/createNpcPageUrl@68-3</FullName>
          <Methods>
            <Method visited="true" cyclomaticComplexity="1" nPathComplexity="0" sequenceCoverage="100" branchCoverage="0" isConstructor="false" isStatic="false" isGetter="false" isSetter="false" crapScore="1">
              <Summary numSequencePoints="1" visitedSequencePoints="1" numBranchPoints="1" visitedBranchPoints="0" sequenceCoverage="100" branchCoverage="0" maxCyclomaticComplexity="1" minCyclomaticComplexity="1" visitedClasses="0" numClasses="0" visitedMethods="1" numMethods="1" minCrapScore="1" maxCrapScore="1" />
              <MetadataToken>100663414</MetadataToken>
              <Name>System.String NavySearch.Message/createNpcPageUrl@68-3::Invoke(System.String)</Name>
              <FileRef uid="1" />
              <SequencePoints>
                <SequencePoint vc="2" uspid="101" ordinal="0" offset="0" sl="68" sc="20" el="68" ec="60" bec="0" bev="0" fileid="1" />
              </SequencePoints>
[...]
        <Class>
          <Summary numSequencePoints="1" visitedSequencePoints="1" numBranchPoints="1" visitedBranchPoints="0" sequenceCoverage="100" branchCoverage="0" maxCyclomaticComplexity="1" minCyclomaticComplexity="1" visitedClasses="1" numClasses="1" visitedMethods="1" numMethods="1" minCrapScore="1" maxCrapScore="1" />
          <FullName>NavySearch.Common/join@13-1</FullName>
          <Methods>
            <Method visited="true" cyclomaticComplexity="1" nPathComplexity="0" sequenceCoverage="100" branchCoverage="0" isConstructor="false" isStatic="false" isGetter="false" isSetter="false" crapScore="1">
              <Summary numSequencePoints="1" visitedSequencePoints="1" numBranchPoints="1" visitedBranchPoints="0" sequenceCoverage="100" branchCoverage="0" maxCyclomaticComplexity="1" minCyclomaticComplexity="1" visitedClasses="0" numClasses="0" visitedMethods="1" numMethods="1" minCrapScore="1" maxCrapScore="1" />
              <MetadataToken>100663543</MetadataToken>
              <Name>System.String NavySearch.Common/join@13-1::Invoke(System.String)</Name>
              <FileRef uid="1" />
              <SequencePoints>
                <SequencePoint vc="399" uspid="194" ordinal="0" offset="0" sl="13" sc="25" el="13" ec="39" bec="0" bev="0" fileid="1" />
              </SequencePoints>
              <BranchPoints />
              <MethodPoint xsi:type="SequencePoint" vc="399" uspid="194" ordinal="0" offset="0" sl="13" sc="25" el="13" ec="39" bec="0" bev="0" fileid="1" />
            </Method>
          </Methods>
        </Class>
        <Class>
          <Summary numSequencePoints="1" visitedSequencePoints="1" numBranchPoints="1" visitedBranchPoints="0" sequenceCoverage="100" branchCoverage="0" maxCyclomaticComplexity="1" minCyclomaticComplexity="1" visitedClasses="1" numClasses="1" visitedMethods="1" numMethods="1" minCrapScore="1" maxCrapScore="1" />
          <FullName>NavySearch.Common/join@13</FullName>
          <Methods>
            <Method visited="true" cyclomaticComplexity="1" nPathComplexity="0" sequenceCoverage="100" branchCoverage="0" isConstructor="false" isStatic="false" isGetter="false" isSetter="false" crapScore="1">
              <Summary numSequencePoints="1" visitedSequencePoints="1" numBranchPoints="1" visitedBranchPoints="0" sequenceCoverage="100" branchCoverage="0" maxCyclomaticComplexity="1" minCyclomaticComplexity="1" visitedClasses="0" numClasses="0" visitedMethods="1" numMethods="1" minCrapScore="1" maxCrapScore="1" />
              <MetadataToken>100663545</MetadataToken>
              <Name>Microsoft.FSharp.Core.FSharpFunc`2&lt;System.String,System.String&gt; NavySearch.Common/join@13::Invoke(System.String)</Name>
              <FileRef uid="1" />
              <SequencePoints>
                <SequencePoint vc="399" uspid="195" ordinal="0" offset="0" sl="13" sc="25" el="13" ec="39" bec="0" bev="0" fileid="1" />
              </SequencePoints>
              <BranchPoints />
              <MethodPoint xsi:type="SequencePoint" vc="399" uspid="195" ordinal="0" offset="0" sl="13" sc="25" el="13" ec="39" bec="0" bev="0" fileid="1" />
            </Method>
          </Methods>
        </Class>
        <Class>
          <Summary numSequencePoints="1" visitedSequencePoints="1" numBranchPoints="1" visitedBranchPoints="0" sequenceCoverage="100" branchCoverage="0" maxCyclomaticComplexity="3" minCyclomaticComplexity="1" visitedClasses="1" numClasses="1" visitedMethods="1" numMethods="1" minCrapScore="3" maxCrapScore="3" />
          <FullName>NavySearch.Common/letters@22</FullName>
          <Methods>
            <Method visited="true" cyclomaticComplexity="3" nPathComplexity="0" sequenceCoverage="100" branchCoverage="0" isConstructor="false" isStatic="false" isGetter="false" isSetter="false" crapScore="3">
              <Summary numSequencePoints="1" visitedSequencePoints="1" numBranchPoints="1" visitedBranchPoints="0" sequenceCoverage="100" branchCoverage="0" maxCyclomaticComplexity="3" minCyclomaticComplexity="3" visitedClasses="0" numClasses="0" visitedMethods="1" numMethods="1" minCrapScore="3" maxCrapScore="3" />
              <MetadataToken>100663547</MetadataToken>
              <Name>System.String NavySearch.Common/letters@22::Invoke(System.Char)</Name>
              <FileRef uid="1" />
              <SequencePoints>
                <SequencePoint vc="42" uspid="196" ordinal="0" offset="0" sl="22" sc="24" el="22" ec="30" bec="0" bev="0" fileid="1" />
              </SequencePoints>
              <BranchPoints />
              <MethodPoint xsi:type="SequencePoint" vc="42" uspid="196" ordinal="0" offset="0" sl="22" sc="24" el="22" ec="30" bec="0" bev="0" fileid="1" />
            </Method>
          </Methods>
        </Class>
        <Class>
          <Summary numSequencePoints="1" visitedSequencePoints="1" numBranchPoints="1" visitedBranchPoints="0" sequenceCoverage="100" branchCoverage="0" maxCyclomaticComplexity="1" minCyclomaticComplexity="1" visitedClasses="1" numClasses="1" visitedMethods="1" numMethods="1" minCrapScore="1" maxCrapScore="1" />
          <FullName>NavySearch.Common/letters@21-1</FullName>
          <Methods>
            <Method visited="true" cyclomaticComplexity="1" nPathComplexity="0" sequenceCoverage="100" branchCoverage="0" isConstructor="false" isStatic="false" isGetter="false" isSetter="false" crapScore="1">
              <Summary numSequencePoints="1" visitedSequencePoints="1" numBranchPoints="1" visitedBranchPoints="0" sequenceCoverage="100" branchCoverage="0" maxCyclomaticComplexity="1" minCyclomaticComplexity="1" visitedClasses="0" numClasses="0" visitedMethods="1" numMethods="1" minCrapScore="1" maxCrapScore="1" />
              <MetadataToken>100663549</MetadataToken>
              <Name>System.Boolean NavySearch.Common/letters@21-1::Invoke(System.Char)</Name>
              <FileRef uid="1" />
              <SequencePoints>
                <SequencePoint vc="51" uspid="197" ordinal="0" offset="0" sl="21" sc="31" el="21" ec="44" bec="0" bev="0" fileid="1" />
              </SequencePoints>
              <BranchPoints />
              <MethodPoint xsi:type="SequencePoint" vc="51" uspid="197" ordinal="0" offset="0" sl="21" sc="31" el="21" ec="44" bec="0" bev="0" fileid="1" />
            </Method>
          </Methods>
        </Class>
        <Class>
          <Summary numSequencePoints="1" visitedSequencePoints="1" numBranchPoints="1" visitedBranchPoints="0" sequenceCoverage="100" branchCoverage="0" maxCyclomaticComplexity="1" minCyclomaticComplexity="1" visitedClasses="1" numClasses="1" visitedMethods="1" numMethods="1" minCrapScore="1" maxCrapScore="1" />
          <FullName>NavySearch.Common/letters@21-2</FullName>
          <Methods>
            <Method visited="true" cyclomaticComplexity="1" nPathComplexity="0" sequenceCoverage="100" branchCoverage="0" isConstructor="false" isStatic="false" isGetter="false" isSetter="false" crapScore="1">
              <Summary numSequencePoints="1" visitedSequencePoints="1" numBranchPoints="1" visitedBranchPoints="0" sequenceCoverage="100" branchCoverage="0" maxCyclomaticComplexity="1" minCyclomaticComplexity="1" visitedClasses="0" numClasses="0" visitedMethods="1" numMethods="1" minCrapScore="1" maxCrapScore="1" />
              <MetadataToken>100663551</MetadataToken>
              <Name>System.Boolean NavySearch.Common/letters@21-2::Invoke(System.Boolean)</Name>
              <FileRef uid="1" />
              <SequencePoints>
                <SequencePoint vc="51" uspid="198" ordinal="0" offset="0" sl="21" sc="48" el="21" ec="51" bec="0" bev="0" fileid="1" />
              </SequencePoints>
              <BranchPoints />
              <MethodPoint xsi:type="SequencePoint" vc="51" uspid="198" ordinal="0" offset="0" sl="21" sc="48" el="21" ec="51" bec="0" bev="0" fileid="1" />
            </Method>
          </Methods>
        </Class>
        <Class>
          <Summary numSequencePoints="1" visitedSequencePoints="1" numBranchPoints="1" visitedBranchPoints="0" sequenceCoverage="100" branchCoverage="0" maxCyclomaticComplexity="1" minCyclomaticComplexity="1" visitedClasses="1" numClasses="1" visitedMethods="1" numMethods="1" minCrapScore="1" maxCrapScore="1" />
          <FullName>NavySearch.Common/letters@21-3</FullName>
          <Methods>
            <Method visited="true" cyclomaticComplexity="1" nPathComplexity="0" sequenceCoverage="100" branchCoverage="0" isConstructor="false" isStatic="false" isGetter="false" isSetter="false" crapScore="1">
              <Summary numSequencePoints="1" visitedSequencePoints="1" numBranchPoints="1" visitedBranchPoints="0" sequenceCoverage="100" branchCoverage="0" maxCyclomaticComplexity="1" minCyclomaticComplexity="1" visitedClasses="0" numClasses="0" visitedMethods="1" numMethods="1" minCrapScore="1" maxCrapScore="1" />
              <MetadataToken>100663553</MetadataToken>
              <Name>System.Boolean NavySearch.Common/letters@21-3::Invoke(System.Char)</Name>
              <FileRef uid="1" />
              <SequencePoints>
                <SequencePoint vc="51" uspid="199" ordinal="0" offset="0" sl="21" sc="31" el="21" ec="51" bec="0" bev="0" fileid="1" />
              </SequencePoints>
              <BranchPoints />
              <MethodPoint xsi:type="SequencePoint" vc="51" uspid="199" ordinal="0" offset="0" sl="21" sc="31" el="21" ec="51" bec="0" bev="0" fileid="1" />
            </Method>
          </Methods>
        </Class>
        <Class>
          <Summary numSequencePoints="5" visitedSequencePoints="4" numBranchPoints="4" visitedBranchPoints="3" sequenceCoverage="80" branchCoverage="75" maxCyclomaticComplexity="9" minCyclomaticComplexity="1" visitedClasses="1" numClasses="1" visitedMethods="1" numMethods="2" minCrapScore="6" maxCrapScore="6" />
          <FullName>NavySearch.Common/letters@19-4</FullName>
          <Methods>
            <Method visited="false" cyclomaticComplexity="1" nPathComplexity="0" sequenceCoverage="0" branchCoverage="0" isConstructor="true" isStatic="false" isGetter="false" isSetter="false" crapScore="0">
              <Summary numSequencePoints="0" visitedSequencePoints="0" numBranchPoints="0" visitedBranchPoints="0" sequenceCoverage="0" branchCoverage="0" maxCyclomaticComplexity="1" minCyclomaticComplexity="1" visitedClasses="0" numClasses="0" visitedMethods="0" numMethods="0" minCrapScore="0" maxCrapScore="0" />
              <MetadataToken>100663554</MetadataToken>
              <Name>System.Void NavySearch.Common/letters@19-4::.ctor(System.Collections.Generic.IEnumerable`1&lt;System.Char&gt;,System.Collections.Generic.IEnumerator`1&lt;System.Char&gt;,System.Int32,System.Char)</Name>
              <SequencePoints />
              <BranchPoints />
              <MethodPoint vc="20" uspid="100663554" ordinal="0" offset="0" />
            </Method>
            <Method visited="true" cyclomaticComplexity="6" nPathComplexity="2" sequenceCoverage="100" branchCoverage="100" isConstructor="false" isStatic="false" isGetter="false" isSetter="false" crapScore="6">
              <Summary numSequencePoints="4" visitedSequencePoints="4" numBranchPoints="3" visitedBranchPoints="3" sequenceCoverage="100" branchCoverage="100" maxCyclomaticComplexity="6" minCyclomaticComplexity="6" visitedClasses="0" numClasses="0" visitedMethods="1" numMethods="1" minCrapScore="6" maxCrapScore="6" />
              <MetadataToken>100663555</MetadataToken>
              <Name>System.Int32 NavySearch.Common/letters@19-4::GenerateNext(System.Collections.Generic.IEnumerable`1&lt;System.Char&gt;&amp;)</Name>
              <FileRef uid="1" />
              <SequencePoints>
                <SequencePoint vc="10" uspid="203" ordinal="0" offset="43" sl="19" sc="15" el="19" ec="36" bec="0" bev="0" fileid="1" />
                <SequencePoint vc="88" uspid="202" ordinal="1" offset="67" sl="19" sc="15" el="19" ec="36" bec="2" bev="2" fileid="1" />
                <SequencePoint vc="78" uspid="201" ordinal="2" offset="99" sl="19" sc="34" el="19" ec="36" bec="0" bev="0" fileid="1" />
                <SequencePoint vc="10" uspid="200" ordinal="3" offset="118" sl="19" sc="15" el="19" ec="36" bec="0" bev="0" fileid="1" />
              </SequencePoints>
              <BranchPoints>
                <BranchPoint vc="78" uspid="67" ordinal="0" offset="78" sl="19" path="0" offsetend="80" fileid="1" />
                <BranchPoint vc="10" uspid="68" ordinal="1" offset="78" sl="19" path="1" offsetend="111" fileid="1" />
              </BranchPoints>
              <MethodPoint xsi:type="SequencePoint" vc="10" uspid="203" ordinal="0" offset="43" sl="19" sc="15" el="19" ec="36" bec="0" bev="0" fileid="1" />
            </Method>
            <Method visited="false" cyclomaticComplexity="9" nPathComplexity="0" sequenceCoverage="0" branchCoverage="0" isConstructor="false" isStatic="false" isGetter="false" isSetter="false" crapScore="0">
              <Summary numSequencePoints="1" visitedSequencePoints="0" numBranchPoints="1" visitedBranchPoints="0" sequenceCoverage="0" branchCoverage="0" maxCyclomaticComplexity="9" minCyclomaticComplexity="9" visitedClasses="0" numClasses="0" visitedMethods="0" numMethods="1" minCrapScore="0" maxCrapScore="0" />
              <MetadataToken>100663556</MetadataToken>
              <Name>System.Void NavySearch.Common/letters@19-4::Close()</Name>
              <FileRef uid="1" />
              <SequencePoints>
                <SequencePoint vc="0" uspid="204" ordinal="0" offset="121" sl="19" sc="15" el="19" ec="36" bec="0" bev="0" fileid="1" />
              </SequencePoints>
              <BranchPoints />
              <MethodPoint xsi:type="SequencePoint" vc="0" uspid="204" ordinal="0" offset="121" sl="19" sc="15" el="19" ec="36" bec="0" bev="0" fileid="1" />
            </Method>
            <Method visited="false" cyclomaticComplexity="6" nPathComplexity="0" sequenceCoverage="0" branchCoverage="0" isConstructor="false" isStatic="false" isGetter="false" isSetter="false" crapScore="0">
              <Summary numSequencePoints="0" visitedSequencePoints="0" numBranchPoints="0" visitedBranchPoints="0" sequenceCoverage="0" branchCoverage="0" maxCyclomaticComplexity="6" minCyclomaticComplexity="6" visitedClasses="0" numClasses="0" visitedMethods="0" numMethods="0" minCrapScore="0" maxCrapScore="0" />
              <MetadataToken>100663557</MetadataToken>
              <Name>System.Boolean NavySearch.Common/letters@19-4::get_CheckClose()</Name>
              <SequencePoints />
              <BranchPoints />
              <MethodPoint vc="0" uspid="100663557" ordinal="0" offset="0" />
            </Method>
          </Methods>
        </Class>
        <Class>
          <Summary numSequencePoints="1" visitedSequencePoints="1" numBranchPoints="1" visitedBranchPoints="0" sequenceCoverage="100" branchCoverage="0" maxCyclomaticComplexity="1" minCyclomaticComplexity="1" visitedClasses="1" numClasses="1" visitedMethods="1" numMethods="1" minCrapScore="1" maxCrapScore="1" />
          <FullName>NavySearch.Common/takeLetters@25</FullName>
          <Methods>
            <Method visited="true" cyclomaticComplexity="1" nPathComplexity="0" sequenceCoverage="100" branchCoverage="0" isConstructor="false" isStatic="false" isGetter="false" isSetter="false" crapScore="1">
              <Summary numSequencePoints="1" visitedSequencePoints="1" numBranchPoints="1" visitedBranchPoints="0" sequenceCoverage="100" branchCoverage="0" maxCyclomaticComplexity="1" minCyclomaticComplexity="1" visitedClasses="0" numClasses="0" visitedMethods="1" numMethods="1" minCrapScore="1" maxCrapScore="1" />
              <MetadataToken>100663561</MetadataToken>
              <Name>System.String NavySearch.Common/takeLetters@25::Invoke(System.String,System.String)</Name>
              <FileRef uid="1" />
              <SequencePoints>
                <SequencePoint vc="26" uspid="205" ordinal="0" offset="0" sl="25" sc="43" el="25" ec="47" bec="0" bev="0" fileid="1" />
              </SequencePoints>
              <BranchPoints />
              <MethodPoint xsi:type="SequencePoint" vc="26" uspid="205" ordinal="0" offset="0" sl="25" sc="43" el="25" ec="47" bec="0" bev="0" fileid="1" />
            </Method>
          </Methods>
        </Class>
        <Class>
          <Summary numSequencePoints="8" visitedSequencePoints="8" numBranchPoints="1" visitedBranchPoints="0" sequenceCoverage="100" branchCoverage="0" maxCyclomaticComplexity="1" minCyclomaticComplexity="1" visitedClasses="1" numClasses="1" visitedMethods="1" numMethods="1" minCrapScore="1" maxCrapScore="1" />
          <FullName>&lt;StartupCode$Library&gt;.$Library</FullName>
          <Methods>
            <Method visited="true" cyclomaticComplexity="1" nPathComplexity="0" sequenceCoverage="100" branchCoverage="0" isConstructor="true" isStatic="true" isGetter="false" isSetter="false" crapScore="1">
              <Summary numSequencePoints="8" visitedSequencePoints="8" numBranchPoints="1" visitedBranchPoints="0" sequenceCoverage="100" branchCoverage="0" maxCyclomaticComplexity="1" minCyclomaticComplexity="1" visitedClasses="0" numClasses="0" visitedMethods="1" numMethods="1" minCrapScore="1" maxCrapScore="1" />
              <MetadataToken>100663562</MetadataToken>
              <Name>System.Void &lt;StartupCode$Library&gt;.$Library::.cctor()</Name>
              <FileRef uid="1" />
              <SequencePoints>
                <SequencePoint vc="1" uspid="213" ordinal="0" offset="0" sl="173" sc="9" el="178" ec="32" bec="0" bev="0" fileid="1" />
                <SequencePoint vc="1" uspid="212" ordinal="1" offset="86" sl="273" sc="9" el="273" ec="28" bec="0" bev="0" fileid="1" />
                <SequencePoint vc="1" uspid="211" ordinal="2" offset="93" sl="274" sc="9" el="278" ec="38" bec="0" bev="0" fileid="1" />
                <SequencePoint vc="1" uspid="210" ordinal="3" offset="107" sl="280" sc="5" el="280" ec="44" bec="0" bev="0" fileid="1" />
                <SequencePoint vc="1" uspid="209" ordinal="4" offset="126" sl="281" sc="5" el="281" ec="36" bec="0" bev="0" fileid="1" />
                <SequencePoint vc="1" uspid="208" ordinal="5" offset="145" sl="282" sc="5" el="282" ec="37" bec="0" bev="0" fileid="1" />
                <SequencePoint vc="1" uspid="207" ordinal="6" offset="165" sl="283" sc="5" el="283" ec="39" bec="0" bev="0" fileid="1" />
                <SequencePoint vc="1" uspid="206" ordinal="7" offset="185" sl="284" sc="5" el="284" ec="37" bec="0" bev="0" fileid="1" />
              </SequencePoints>
              <BranchPoints />
              <MethodPoint xsi:type="SequencePoint" vc="1" uspid="213" ordinal="0" offset="0" sl="173" sc="9" el="178" ec="32" bec="0" bev="0" fileid="1" />
            </Method>
          </Methods>
        </Class>
        <Class>
          <Summary numSequencePoints="0" visitedSequencePoints="0" numBranchPoints="0" visitedBranchPoints="0" sequenceCoverage="0" branchCoverage="0" maxCyclomaticComplexity="0" minCyclomaticComplexity="0" visitedClasses="0" numClasses="0" visitedMethods="0" numMethods="0" minCrapScore="0" maxCrapScore="0" />
          <FullName>&lt;StartupCode$Library&gt;.$Library.AssemblyInfo</FullName>
          <Methods />
        </Class>
        <Class>
          <Summary numSequencePoints="0" visitedSequencePoints="0" numBranchPoints="0" visitedBranchPoints="0" sequenceCoverage="0" branchCoverage="0" maxCyclomaticComplexity="0" minCyclomaticComplexity="0" visitedClasses="0" numClasses="0" visitedMethods="0" numMethods="0" minCrapScore="0" maxCrapScore="0" />
          <FullName>&lt;StartupCode$Library&gt;.$.NETStandard,Version=v2.0.AssemblyAttributes</FullName>
          <Methods />
        </Class>
      </Classes>
    </Module>
  </Modules>
</CoverageSession>